<?xml version="1.0" encoding="UTF-8"?>
<!-- Generated by org.testng.reporters.JUnitReportReporter -->
<testsuite hostname="Lenovo-PC" name="com.uxian.foodgroup.V2.ActivateCommentTest" tests="6" failures="0" timestamp="17 Nov 2015 10:11:36 GMT" time="0.676" errors="0">
  <testcase name="noRequiredTest" time="0.034" classname="com.uxian.foodgroup.V2.ActivateCommentTest"/>
  <testcase name="noRequiredTest" time="0.039" classname="com.uxian.foodgroup.V2.ActivateCommentTest"/>
  <testcase name="activateCommentTest" time="0.483" classname="com.uxian.foodgroup.V2.ActivateCommentTest"/>
  <testcase name="activateCommentTest" time="0.045" classname="com.uxian.foodgroup.V2.ActivateCommentTest"/>
  <testcase name="activateCommentTest" time="0.048" classname="com.uxian.foodgroup.V2.ActivateCommentTest"/>
  <testcase name="noRequiredTest" time="0.027" classname="com.uxian.foodgroup.V2.ActivateCommentTest"/>
</testsuite> <!-- com.uxian.foodgroup.V2.ActivateCommentTest -->
