<?xml version="1.0" encoding="UTF-8"?>
<!-- Generated by org.testng.reporters.JUnitReportReporter -->
<testsuite hostname="Lenovo-PC" name="com.uxian.foodgroup.V1.CollectionCountTest" tests="3" failures="0" timestamp="16 Nov 2015 08:25:23 GMT" time="0.543" errors="0">
  <testcase name="noRequiredTest" time="0.019" classname="com.uxian.foodgroup.V1.CollectionCountTest"/>
  <testcase name="activateCommentTest" time="0.499" classname="com.uxian.foodgroup.V1.CollectionCountTest"/>
  <testcase name="noRequiredTest" time="0.025" classname="com.uxian.foodgroup.V1.CollectionCountTest"/>
</testsuite> <!-- com.uxian.foodgroup.V1.CollectionCountTest -->
