<?xml version="1.0" encoding="UTF-8"?>
<!-- Generated by org.testng.reporters.JUnitReportReporter -->
<testsuite hostname="Lenovo-PC" name="com.uxian.foodgroup.FoodPostUserInfo.AddAttentionTest" tests="7" failures="0" timestamp="21 Nov 2015 05:34:16 GMT" time="0.262" errors="0">
  <testcase name="noRequiredTest" time="0.024" classname="com.uxian.foodgroup.FoodPostUserInfo.AddAttentionTest"/>
  <testcase name="activateCommentTest" time="0.048" classname="com.uxian.foodgroup.FoodPostUserInfo.AddAttentionTest"/>
  <testcase name="noRequiredTest" time="0.039" classname="com.uxian.foodgroup.FoodPostUserInfo.AddAttentionTest"/>
  <testcase name="noRequiredTest" time="0.041" classname="com.uxian.foodgroup.FoodPostUserInfo.AddAttentionTest"/>
  <testcase name="noRequiredTest" time="0.029" classname="com.uxian.foodgroup.FoodPostUserInfo.AddAttentionTest"/>
  <testcase name="activateCommentTest" time="0.052" classname="com.uxian.foodgroup.FoodPostUserInfo.AddAttentionTest"/>
  <testcase name="noRequiredTest" time="0.029" classname="com.uxian.foodgroup.FoodPostUserInfo.AddAttentionTest"/>
</testsuite> <!-- com.uxian.foodgroup.FoodPostUserInfo.AddAttentionTest -->
