<?xml version="1.0" encoding="UTF-8"?>
<!-- Generated by org.testng.reporters.JUnitReportReporter -->
<testsuite hostname="Lenovo-PC" name="com.uxian.foodgroup.V1.PraiseUsersTest" tests="6" failures="0" timestamp="13 Nov 2015 09:39:26 GMT" time="0.169" errors="0">
  <testcase name="noRequiredTest" time="0.030" classname="com.uxian.foodgroup.V1.PraiseUsersTest"/>
  <testcase name="noRequiredTest" time="0.031" classname="com.uxian.foodgroup.V1.PraiseUsersTest"/>
  <testcase name="noRequiredTest" time="0.024" classname="com.uxian.foodgroup.V1.PraiseUsersTest"/>
  <testcase name="noRequiredTest" time="0.015" classname="com.uxian.foodgroup.V1.PraiseUsersTest"/>
  <testcase name="activateCommentTest" time="0.043" classname="com.uxian.foodgroup.V1.PraiseUsersTest"/>
  <testcase name="noRequiredTest" time="0.026" classname="com.uxian.foodgroup.V1.PraiseUsersTest"/>
</testsuite> <!-- com.uxian.foodgroup.V1.PraiseUsersTest -->
