<?xml version="1.0" encoding="UTF-8"?>
<!-- Generated by org.testng.reporters.JUnitReportReporter -->
<testsuite hostname="Lenovo-PC" name="com.uxian.foodgroup.V1.PostMessagesDelTest" tests="2" failures="0" timestamp="18 Nov 2015 03:06:21 GMT" time="0.001" errors="2">
  <testcase name="noRequiredTest" time="0.000" classname="com.uxian.foodgroup.V1.PostMessagesDelTest">
    <error type="org.apache.ibatis.exceptions.PersistenceException" message="
### Error querying database.  Cause: java.lang.IllegalStateException: Type handler was null on parameter mapping for property &#039;foodPostID&#039;.  It was either not specified and/or could not be found for the javaType / jdbcType combination specified.
### Cause: java.lang.IllegalStateException: Type handler was null on parameter mapping for property &#039;foodPostID&#039;.  It was either not specified and/or could not be found for the javaType / jdbcType combination specified.">
      <![CDATA[org.apache.ibatis.exceptions.PersistenceException: 
### Error querying database.  Cause: java.lang.IllegalStateException: Type handler was null on parameter mapping for property 'foodPostID'.  It was either not specified and/or could not be found for the javaType / jdbcType combination specified.
### Cause: java.lang.IllegalStateException: Type handler was null on parameter mapping for property 'foodPostID'.  It was either not specified and/or could not be found for the javaType / jdbcType combination specified.
	at org.apache.ibatis.exceptions.ExceptionFactory.wrapException(ExceptionFactory.java:26)
	at org.apache.ibatis.session.defaults.DefaultSqlSession.selectList(DefaultSqlSession.java:111)
	at org.apache.ibatis.session.defaults.DefaultSqlSession.selectList(DefaultSqlSession.java:102)
	at org.apache.ibatis.session.defaults.DefaultSqlSession.selectOne(DefaultSqlSession.java:66)
	at org.apache.ibatis.binding.MapperMethod.execute(MapperMethod.java:68)
	at org.apache.ibatis.binding.MapperProxy.invoke(MapperProxy.java:52)
	at com.sun.proxy.$Proxy6.selectID(Unknown Source)
	at com.uxian.foodgroup.V1.PostMessagesDelTest.setUp(PostMessagesDelTest.java:65)
	at sun.reflect.NativeMethodAccessorImpl.invoke0(Native Method)
	at sun.reflect.NativeMethodAccessorImpl.invoke(NativeMethodAccessorImpl.java:57)
	at sun.reflect.DelegatingMethodAccessorImpl.invoke(DelegatingMethodAccessorImpl.java:43)
	at java.lang.reflect.Method.invoke(Method.java:606)
	at org.testng.internal.MethodInvocationHelper.invokeMethod(MethodInvocationHelper.java:85)
	at org.testng.internal.Invoker.invokeConfigurationMethod(Invoker.java:517)
	at org.testng.internal.Invoker.invokeConfigurations(Invoker.java:213)
	at org.testng.internal.Invoker.invokeConfigurations(Invoker.java:140)
	at org.testng.internal.TestMethodWorker.invokeBeforeClassMethods(TestMethodWorker.java:170)
	at org.testng.internal.TestMethodWorker.run(TestMethodWorker.java:104)
	at org.testng.TestRunner.privateRun(TestRunner.java:771)
	at org.testng.TestRunner.run(TestRunner.java:621)
	at org.testng.SuiteRunner.runTest(SuiteRunner.java:357)
	at org.testng.SuiteRunner.runSequentially(SuiteRunner.java:352)
	at org.testng.SuiteRunner.privateRun(SuiteRunner.java:310)
	at org.testng.SuiteRunner.run(SuiteRunner.java:259)
	at org.testng.SuiteRunnerWorker.runSuite(SuiteRunnerWorker.java:52)
	at org.testng.SuiteRunnerWorker.run(SuiteRunnerWorker.java:86)
	at org.testng.TestNG.runSuitesSequentially(TestNG.java:1199)
	at org.testng.TestNG.runSuitesLocally(TestNG.java:1124)
	at org.testng.TestNG.run(TestNG.java:1032)
	at org.testng.remote.RemoteTestNG.run(RemoteTestNG.java:111)
	at org.testng.remote.RemoteTestNG.initAndRun(RemoteTestNG.java:204)
	at org.testng.remote.RemoteTestNG.main(RemoteTestNG.java:175)
Caused by: java.lang.IllegalStateException: Type handler was null on parameter mapping for property 'foodPostID'.  It was either not specified and/or could not be found for the javaType / jdbcType combination specified.
	at org.apache.ibatis.mapping.ParameterMapping$Builder.validate(ParameterMapping.java:117)
	at org.apache.ibatis.mapping.ParameterMapping$Builder.build(ParameterMapping.java:104)
	at org.apache.ibatis.builder.SqlSourceBuilder$ParameterMappingTokenHandler.buildParameterMapping(SqlSourceBuilder.java:122)
	at org.apache.ibatis.builder.SqlSourceBuilder$ParameterMappingTokenHandler.handleToken(SqlSourceBuilder.java:66)
	at org.apache.ibatis.parsing.GenericTokenParser.parse(GenericTokenParser.java:53)
	at org.apache.ibatis.builder.SqlSourceBuilder.parse(SqlSourceBuilder.java:45)
	at org.apache.ibatis.scripting.xmltags.DynamicSqlSource.getBoundSql(DynamicSqlSource.java:43)
	at org.apache.ibatis.mapping.MappedStatement.getBoundSql(MappedStatement.java:278)
	at org.apache.ibatis.executor.CachingExecutor.query(CachingExecutor.java:75)
	at org.apache.ibatis.session.defaults.DefaultSqlSession.selectList(DefaultSqlSession.java:108)
	... 30 more
]]>
    </error>
  </testcase> <!-- noRequiredTest -->
  <testcase name="activateCommentTest" time="0.001" classname="com.uxian.foodgroup.V1.PostMessagesDelTest">
    <error type="org.apache.ibatis.exceptions.PersistenceException" message="
### Error querying database.  Cause: java.lang.IllegalStateException: Type handler was null on parameter mapping for property &#039;foodPostID&#039;.  It was either not specified and/or could not be found for the javaType / jdbcType combination specified.
### Cause: java.lang.IllegalStateException: Type handler was null on parameter mapping for property &#039;foodPostID&#039;.  It was either not specified and/or could not be found for the javaType / jdbcType combination specified.">
      <![CDATA[org.apache.ibatis.exceptions.PersistenceException: 
### Error querying database.  Cause: java.lang.IllegalStateException: Type handler was null on parameter mapping for property 'foodPostID'.  It was either not specified and/or could not be found for the javaType / jdbcType combination specified.
### Cause: java.lang.IllegalStateException: Type handler was null on parameter mapping for property 'foodPostID'.  It was either not specified and/or could not be found for the javaType / jdbcType combination specified.
	at org.apache.ibatis.exceptions.ExceptionFactory.wrapException(ExceptionFactory.java:26)
	at org.apache.ibatis.session.defaults.DefaultSqlSession.selectList(DefaultSqlSession.java:111)
	at org.apache.ibatis.session.defaults.DefaultSqlSession.selectList(DefaultSqlSession.java:102)
	at org.apache.ibatis.session.defaults.DefaultSqlSession.selectOne(DefaultSqlSession.java:66)
	at org.apache.ibatis.binding.MapperMethod.execute(MapperMethod.java:68)
	at org.apache.ibatis.binding.MapperProxy.invoke(MapperProxy.java:52)
	at com.sun.proxy.$Proxy6.selectID(Unknown Source)
	at com.uxian.foodgroup.V1.PostMessagesDelTest.setUp(PostMessagesDelTest.java:65)
	at sun.reflect.NativeMethodAccessorImpl.invoke0(Native Method)
	at sun.reflect.NativeMethodAccessorImpl.invoke(NativeMethodAccessorImpl.java:57)
	at sun.reflect.DelegatingMethodAccessorImpl.invoke(DelegatingMethodAccessorImpl.java:43)
	at java.lang.reflect.Method.invoke(Method.java:606)
	at org.testng.internal.MethodInvocationHelper.invokeMethod(MethodInvocationHelper.java:85)
	at org.testng.internal.Invoker.invokeConfigurationMethod(Invoker.java:517)
	at org.testng.internal.Invoker.invokeConfigurations(Invoker.java:213)
	at org.testng.internal.Invoker.invokeConfigurations(Invoker.java:140)
	at org.testng.internal.TestMethodWorker.invokeBeforeClassMethods(TestMethodWorker.java:170)
	at org.testng.internal.TestMethodWorker.run(TestMethodWorker.java:104)
	at org.testng.TestRunner.privateRun(TestRunner.java:771)
	at org.testng.TestRunner.run(TestRunner.java:621)
	at org.testng.SuiteRunner.runTest(SuiteRunner.java:357)
	at org.testng.SuiteRunner.runSequentially(SuiteRunner.java:352)
	at org.testng.SuiteRunner.privateRun(SuiteRunner.java:310)
	at org.testng.SuiteRunner.run(SuiteRunner.java:259)
	at org.testng.SuiteRunnerWorker.runSuite(SuiteRunnerWorker.java:52)
	at org.testng.SuiteRunnerWorker.run(SuiteRunnerWorker.java:86)
	at org.testng.TestNG.runSuitesSequentially(TestNG.java:1199)
	at org.testng.TestNG.runSuitesLocally(TestNG.java:1124)
	at org.testng.TestNG.run(TestNG.java:1032)
	at org.testng.remote.RemoteTestNG.run(RemoteTestNG.java:111)
	at org.testng.remote.RemoteTestNG.initAndRun(RemoteTestNG.java:204)
	at org.testng.remote.RemoteTestNG.main(RemoteTestNG.java:175)
Caused by: java.lang.IllegalStateException: Type handler was null on parameter mapping for property 'foodPostID'.  It was either not specified and/or could not be found for the javaType / jdbcType combination specified.
	at org.apache.ibatis.mapping.ParameterMapping$Builder.validate(ParameterMapping.java:117)
	at org.apache.ibatis.mapping.ParameterMapping$Builder.build(ParameterMapping.java:104)
	at org.apache.ibatis.builder.SqlSourceBuilder$ParameterMappingTokenHandler.buildParameterMapping(SqlSourceBuilder.java:122)
	at org.apache.ibatis.builder.SqlSourceBuilder$ParameterMappingTokenHandler.handleToken(SqlSourceBuilder.java:66)
	at org.apache.ibatis.parsing.GenericTokenParser.parse(GenericTokenParser.java:53)
	at org.apache.ibatis.builder.SqlSourceBuilder.parse(SqlSourceBuilder.java:45)
	at org.apache.ibatis.scripting.xmltags.DynamicSqlSource.getBoundSql(DynamicSqlSource.java:43)
	at org.apache.ibatis.mapping.MappedStatement.getBoundSql(MappedStatement.java:278)
	at org.apache.ibatis.executor.CachingExecutor.query(CachingExecutor.java:75)
	at org.apache.ibatis.session.defaults.DefaultSqlSession.selectList(DefaultSqlSession.java:108)
	... 30 more
]]>
    </error>
  </testcase> <!-- activateCommentTest -->
</testsuite> <!-- com.uxian.foodgroup.V1.PostMessagesDelTest -->
