<?xml version="1.0" encoding="UTF-8"?>
<!-- Generated by org.testng.reporters.JUnitReportReporter -->
<testsuite hostname="Lenovo-PC" name="com.uxian.foodgroup.FoodMessage.PostMessagesDelTest" tests="2" failures="0" timestamp="21 Nov 2015 05:34:16 GMT" time="0.086" errors="0">
  <testcase name="noRequiredTest" time="0.044" classname="com.uxian.foodgroup.FoodMessage.PostMessagesDelTest"/>
  <testcase name="postMessagesDelTest" time="0.042" classname="com.uxian.foodgroup.FoodMessage.PostMessagesDelTest"/>
</testsuite> <!-- com.uxian.foodgroup.FoodMessage.PostMessagesDelTest -->
