<?xml version="1.0" encoding="UTF-8"?>
<!-- Generated by org.testng.reporters.JUnitReportReporter -->
<testsuite hostname="Lenovo-PC" name="com.uxian.foodgroup.FoodPostOperator.ActivateCommentTest" tests="6" failures="0" timestamp="21 Nov 2015 05:34:16 GMT" time="0.719" errors="0">
  <testcase name="noRequiredTest" time="0.043" classname="com.uxian.foodgroup.FoodPostOperator.ActivateCommentTest"/>
  <testcase name="noRequiredTest" time="0.040" classname="com.uxian.foodgroup.FoodPostOperator.ActivateCommentTest"/>
  <testcase name="activateCommentTest" time="0.049" classname="com.uxian.foodgroup.FoodPostOperator.ActivateCommentTest"/>
  <testcase name="activateCommentTest" time="0.049" classname="com.uxian.foodgroup.FoodPostOperator.ActivateCommentTest"/>
  <testcase name="noRequiredTest" time="0.038" classname="com.uxian.foodgroup.FoodPostOperator.ActivateCommentTest"/>
  <testcase name="activateCommentTest" time="0.500" classname="com.uxian.foodgroup.FoodPostOperator.ActivateCommentTest"/>
</testsuite> <!-- com.uxian.foodgroup.FoodPostOperator.ActivateCommentTest -->
