<?xml version="1.0" encoding="UTF-8"?>
<!-- Generated by org.testng.reporters.JUnitReportReporter -->
<testsuite hostname="Lenovo-PC" name="com.uxian.foodgroup.FoodPost.PostSearChByTagTest" tests="4" failures="0" timestamp="4 Dec 2015 02:46:15 GMT" time="0.487" errors="4">
  <testcase name="postSearChByTagTest" time="0.030" classname="com.uxian.foodgroup.FoodPost.PostSearChByTagTest">
    <error type="net.sf.json.JSONException" message="A JSONObject text must begin with &#039;{&#039; at character 1 of &lt;!DOCTYPE HTML PUBLIC &quot;-//IETF//DTD HTML 2.0//EN&quot;&gt;
&lt;html&gt;
&lt;head&gt;&lt;title&gt;502 Bad Gateway&lt;/title&gt;&lt;/head&gt;
&lt;body bgcolor=&quot;white&quot;&gt;
&lt;h1&gt;502 Bad Gateway&lt;/h1&gt;
&lt;p&gt;The proxy server received an invalid response from an upstream server. Sorry for the inconvenience.&lt;br/&gt;
Please report this message and include the following information to us.&lt;br/&gt;
Thank you very much!&lt;/p&gt;
&lt;table&gt;
&lt;tr&gt;
&lt;td&gt;URL:&lt;/td&gt;
&lt;td&gt;http://testapi-gt.u-xian.com:50752/api/FoodPost/PostSearChByTag&lt;/td&gt;
&lt;/tr&gt;
&lt;tr&gt;
&lt;td&gt;Server:&lt;/td&gt;
&lt;td&gt;slbh12.cloud.cm10&lt;/td&gt;
&lt;/tr&gt;
&lt;tr&gt;
&lt;td&gt;Date:&lt;/td&gt;
&lt;td&gt;2015/12/04 10:46:14&lt;/td&gt;
&lt;/tr&gt;
&lt;/table&gt;
&lt;/body&gt;
&lt;/html&gt;">
      <![CDATA[net.sf.json.JSONException: A JSONObject text must begin with '{' at character 1 of <!DOCTYPE HTML PUBLIC "-//IETF//DTD HTML 2.0//EN">
<html>
<head><title>502 Bad Gateway</title></head>
<body bgcolor="white">
<h1>502 Bad Gateway</h1>
<p>The proxy server received an invalid response from an upstream server. Sorry for the inconvenience.<br/>
Please report this message and include the following information to us.<br/>
Thank you very much!</p>
<table>
<tr>
<td>URL:</td>
<td>http://testapi-gt.u-xian.com:50752/api/FoodPost/PostSearChByTag</td>
</tr>
<tr>
<td>Server:</td>
<td>slbh12.cloud.cm10</td>
</tr>
<tr>
<td>Date:</td>
<td>2015/12/04 10:46:14</td>
</tr>
</table>
</body>
</html>
	at net.sf.json.util.JSONTokener.syntaxError(JSONTokener.java:499)
	at net.sf.json.JSONObject._fromJSONTokener(JSONObject.java:972)
	at net.sf.json.JSONObject._fromString(JSONObject.java:1201)
	at net.sf.json.JSONObject.fromObject(JSONObject.java:165)
	at net.sf.json.JSONObject.fromObject(JSONObject.java:134)
	at com.uxian.foodgroup.util.JsonUtil.Json2Map(JsonUtil.java:32)
	at com.uxian.foodgroup.FoodPost.PostSearChByTagTest.postSearChByTagTest(PostSearChByTagTest.java:66)
	at sun.reflect.NativeMethodAccessorImpl.invoke0(Native Method)
	at sun.reflect.NativeMethodAccessorImpl.invoke(NativeMethodAccessorImpl.java:57)
	at sun.reflect.DelegatingMethodAccessorImpl.invoke(DelegatingMethodAccessorImpl.java:43)
	at java.lang.reflect.Method.invoke(Method.java:606)
	at org.testng.internal.MethodInvocationHelper.invokeMethod(MethodInvocationHelper.java:85)
	at org.testng.internal.Invoker.invokeMethod(Invoker.java:659)
	at org.testng.internal.Invoker.invokeTestMethod(Invoker.java:845)
	at org.testng.internal.Invoker.invokeTestMethods(Invoker.java:1153)
	at org.testng.internal.TestMethodWorker.invokeTestMethods(TestMethodWorker.java:125)
	at org.testng.internal.TestMethodWorker.run(TestMethodWorker.java:108)
	at org.testng.TestRunner.privateRun(TestRunner.java:771)
	at org.testng.TestRunner.run(TestRunner.java:621)
	at org.testng.SuiteRunner.runTest(SuiteRunner.java:357)
	at org.testng.SuiteRunner.runSequentially(SuiteRunner.java:352)
	at org.testng.SuiteRunner.privateRun(SuiteRunner.java:310)
	at org.testng.SuiteRunner.run(SuiteRunner.java:259)
	at org.testng.SuiteRunnerWorker.runSuite(SuiteRunnerWorker.java:52)
	at org.testng.SuiteRunnerWorker.run(SuiteRunnerWorker.java:86)
	at org.testng.TestNG.runSuitesSequentially(TestNG.java:1199)
	at org.testng.TestNG.runSuitesLocally(TestNG.java:1124)
	at org.testng.TestNG.run(TestNG.java:1032)
	at org.testng.remote.RemoteTestNG.run(RemoteTestNG.java:111)
	at org.testng.remote.RemoteTestNG.initAndRun(RemoteTestNG.java:204)
	at org.testng.remote.RemoteTestNG.main(RemoteTestNG.java:175)
]]>
    </error>
  </testcase> <!-- postSearChByTagTest -->
  <testcase name="postSearChByTagTest" time="0.409" classname="com.uxian.foodgroup.FoodPost.PostSearChByTagTest">
    <error type="net.sf.json.JSONException" message="A JSONObject text must begin with &#039;{&#039; at character 1 of &lt;!DOCTYPE HTML PUBLIC &quot;-//IETF//DTD HTML 2.0//EN&quot;&gt;
&lt;html&gt;
&lt;head&gt;&lt;title&gt;502 Bad Gateway&lt;/title&gt;&lt;/head&gt;
&lt;body bgcolor=&quot;white&quot;&gt;
&lt;h1&gt;502 Bad Gateway&lt;/h1&gt;
&lt;p&gt;The proxy server received an invalid response from an upstream server. Sorry for the inconvenience.&lt;br/&gt;
Please report this message and include the following information to us.&lt;br/&gt;
Thank you very much!&lt;/p&gt;
&lt;table&gt;
&lt;tr&gt;
&lt;td&gt;URL:&lt;/td&gt;
&lt;td&gt;http://testapi-gt.u-xian.com:50752/api/FoodPost/PostSearChByTag&lt;/td&gt;
&lt;/tr&gt;
&lt;tr&gt;
&lt;td&gt;Server:&lt;/td&gt;
&lt;td&gt;slbh13.cloud.cm10&lt;/td&gt;
&lt;/tr&gt;
&lt;tr&gt;
&lt;td&gt;Date:&lt;/td&gt;
&lt;td&gt;2015/12/04 10:46:14&lt;/td&gt;
&lt;/tr&gt;
&lt;/table&gt;
&lt;/body&gt;
&lt;/html&gt;">
      <![CDATA[net.sf.json.JSONException: A JSONObject text must begin with '{' at character 1 of <!DOCTYPE HTML PUBLIC "-//IETF//DTD HTML 2.0//EN">
<html>
<head><title>502 Bad Gateway</title></head>
<body bgcolor="white">
<h1>502 Bad Gateway</h1>
<p>The proxy server received an invalid response from an upstream server. Sorry for the inconvenience.<br/>
Please report this message and include the following information to us.<br/>
Thank you very much!</p>
<table>
<tr>
<td>URL:</td>
<td>http://testapi-gt.u-xian.com:50752/api/FoodPost/PostSearChByTag</td>
</tr>
<tr>
<td>Server:</td>
<td>slbh13.cloud.cm10</td>
</tr>
<tr>
<td>Date:</td>
<td>2015/12/04 10:46:14</td>
</tr>
</table>
</body>
</html>
	at net.sf.json.util.JSONTokener.syntaxError(JSONTokener.java:499)
	at net.sf.json.JSONObject._fromJSONTokener(JSONObject.java:972)
	at net.sf.json.JSONObject._fromString(JSONObject.java:1201)
	at net.sf.json.JSONObject.fromObject(JSONObject.java:165)
	at net.sf.json.JSONObject.fromObject(JSONObject.java:134)
	at com.uxian.foodgroup.util.JsonUtil.Json2Map(JsonUtil.java:32)
	at com.uxian.foodgroup.FoodPost.PostSearChByTagTest.postSearChByTagTest(PostSearChByTagTest.java:66)
	at sun.reflect.NativeMethodAccessorImpl.invoke0(Native Method)
	at sun.reflect.NativeMethodAccessorImpl.invoke(NativeMethodAccessorImpl.java:57)
	at sun.reflect.DelegatingMethodAccessorImpl.invoke(DelegatingMethodAccessorImpl.java:43)
	at java.lang.reflect.Method.invoke(Method.java:606)
	at org.testng.internal.MethodInvocationHelper.invokeMethod(MethodInvocationHelper.java:85)
	at org.testng.internal.Invoker.invokeMethod(Invoker.java:659)
	at org.testng.internal.Invoker.invokeTestMethod(Invoker.java:845)
	at org.testng.internal.Invoker.invokeTestMethods(Invoker.java:1153)
	at org.testng.internal.TestMethodWorker.invokeTestMethods(TestMethodWorker.java:125)
	at org.testng.internal.TestMethodWorker.run(TestMethodWorker.java:108)
	at org.testng.TestRunner.privateRun(TestRunner.java:771)
	at org.testng.TestRunner.run(TestRunner.java:621)
	at org.testng.SuiteRunner.runTest(SuiteRunner.java:357)
	at org.testng.SuiteRunner.runSequentially(SuiteRunner.java:352)
	at org.testng.SuiteRunner.privateRun(SuiteRunner.java:310)
	at org.testng.SuiteRunner.run(SuiteRunner.java:259)
	at org.testng.SuiteRunnerWorker.runSuite(SuiteRunnerWorker.java:52)
	at org.testng.SuiteRunnerWorker.run(SuiteRunnerWorker.java:86)
	at org.testng.TestNG.runSuitesSequentially(TestNG.java:1199)
	at org.testng.TestNG.runSuitesLocally(TestNG.java:1124)
	at org.testng.TestNG.run(TestNG.java:1032)
	at org.testng.remote.RemoteTestNG.run(RemoteTestNG.java:111)
	at org.testng.remote.RemoteTestNG.initAndRun(RemoteTestNG.java:204)
	at org.testng.remote.RemoteTestNG.main(RemoteTestNG.java:175)
]]>
    </error>
  </testcase> <!-- postSearChByTagTest -->
  <testcase name="postSearChByTagTest" time="0.022" classname="com.uxian.foodgroup.FoodPost.PostSearChByTagTest">
    <error type="net.sf.json.JSONException" message="A JSONObject text must begin with &#039;{&#039; at character 1 of &lt;!DOCTYPE HTML PUBLIC &quot;-//IETF//DTD HTML 2.0//EN&quot;&gt;
&lt;html&gt;
&lt;head&gt;&lt;title&gt;502 Bad Gateway&lt;/title&gt;&lt;/head&gt;
&lt;body bgcolor=&quot;white&quot;&gt;
&lt;h1&gt;502 Bad Gateway&lt;/h1&gt;
&lt;p&gt;The proxy server received an invalid response from an upstream server. Sorry for the inconvenience.&lt;br/&gt;
Please report this message and include the following information to us.&lt;br/&gt;
Thank you very much!&lt;/p&gt;
&lt;table&gt;
&lt;tr&gt;
&lt;td&gt;URL:&lt;/td&gt;
&lt;td&gt;http://testapi-gt.u-xian.com:50752/api/FoodPost/PostSearChByTag&lt;/td&gt;
&lt;/tr&gt;
&lt;tr&gt;
&lt;td&gt;Server:&lt;/td&gt;
&lt;td&gt;slbh12.cloud.cm10&lt;/td&gt;
&lt;/tr&gt;
&lt;tr&gt;
&lt;td&gt;Date:&lt;/td&gt;
&lt;td&gt;2015/12/04 10:46:14&lt;/td&gt;
&lt;/tr&gt;
&lt;/table&gt;
&lt;/body&gt;
&lt;/html&gt;">
      <![CDATA[net.sf.json.JSONException: A JSONObject text must begin with '{' at character 1 of <!DOCTYPE HTML PUBLIC "-//IETF//DTD HTML 2.0//EN">
<html>
<head><title>502 Bad Gateway</title></head>
<body bgcolor="white">
<h1>502 Bad Gateway</h1>
<p>The proxy server received an invalid response from an upstream server. Sorry for the inconvenience.<br/>
Please report this message and include the following information to us.<br/>
Thank you very much!</p>
<table>
<tr>
<td>URL:</td>
<td>http://testapi-gt.u-xian.com:50752/api/FoodPost/PostSearChByTag</td>
</tr>
<tr>
<td>Server:</td>
<td>slbh12.cloud.cm10</td>
</tr>
<tr>
<td>Date:</td>
<td>2015/12/04 10:46:14</td>
</tr>
</table>
</body>
</html>
	at net.sf.json.util.JSONTokener.syntaxError(JSONTokener.java:499)
	at net.sf.json.JSONObject._fromJSONTokener(JSONObject.java:972)
	at net.sf.json.JSONObject._fromString(JSONObject.java:1201)
	at net.sf.json.JSONObject.fromObject(JSONObject.java:165)
	at net.sf.json.JSONObject.fromObject(JSONObject.java:134)
	at com.uxian.foodgroup.util.JsonUtil.Json2Map(JsonUtil.java:32)
	at com.uxian.foodgroup.FoodPost.PostSearChByTagTest.postSearChByTagTest(PostSearChByTagTest.java:66)
	at sun.reflect.NativeMethodAccessorImpl.invoke0(Native Method)
	at sun.reflect.NativeMethodAccessorImpl.invoke(NativeMethodAccessorImpl.java:57)
	at sun.reflect.DelegatingMethodAccessorImpl.invoke(DelegatingMethodAccessorImpl.java:43)
	at java.lang.reflect.Method.invoke(Method.java:606)
	at org.testng.internal.MethodInvocationHelper.invokeMethod(MethodInvocationHelper.java:85)
	at org.testng.internal.Invoker.invokeMethod(Invoker.java:659)
	at org.testng.internal.Invoker.invokeTestMethod(Invoker.java:845)
	at org.testng.internal.Invoker.invokeTestMethods(Invoker.java:1153)
	at org.testng.internal.TestMethodWorker.invokeTestMethods(TestMethodWorker.java:125)
	at org.testng.internal.TestMethodWorker.run(TestMethodWorker.java:108)
	at org.testng.TestRunner.privateRun(TestRunner.java:771)
	at org.testng.TestRunner.run(TestRunner.java:621)
	at org.testng.SuiteRunner.runTest(SuiteRunner.java:357)
	at org.testng.SuiteRunner.runSequentially(SuiteRunner.java:352)
	at org.testng.SuiteRunner.privateRun(SuiteRunner.java:310)
	at org.testng.SuiteRunner.run(SuiteRunner.java:259)
	at org.testng.SuiteRunnerWorker.runSuite(SuiteRunnerWorker.java:52)
	at org.testng.SuiteRunnerWorker.run(SuiteRunnerWorker.java:86)
	at org.testng.TestNG.runSuitesSequentially(TestNG.java:1199)
	at org.testng.TestNG.runSuitesLocally(TestNG.java:1124)
	at org.testng.TestNG.run(TestNG.java:1032)
	at org.testng.remote.RemoteTestNG.run(RemoteTestNG.java:111)
	at org.testng.remote.RemoteTestNG.initAndRun(RemoteTestNG.java:204)
	at org.testng.remote.RemoteTestNG.main(RemoteTestNG.java:175)
]]>
    </error>
  </testcase> <!-- postSearChByTagTest -->
  <testcase name="postSearChByTagTest" time="0.026" classname="com.uxian.foodgroup.FoodPost.PostSearChByTagTest">
    <error type="net.sf.json.JSONException" message="A JSONObject text must begin with &#039;{&#039; at character 1 of &lt;!DOCTYPE HTML PUBLIC &quot;-//IETF//DTD HTML 2.0//EN&quot;&gt;
&lt;html&gt;
&lt;head&gt;&lt;title&gt;502 Bad Gateway&lt;/title&gt;&lt;/head&gt;
&lt;body bgcolor=&quot;white&quot;&gt;
&lt;h1&gt;502 Bad Gateway&lt;/h1&gt;
&lt;p&gt;The proxy server received an invalid response from an upstream server. Sorry for the inconvenience.&lt;br/&gt;
Please report this message and include the following information to us.&lt;br/&gt;
Thank you very much!&lt;/p&gt;
&lt;table&gt;
&lt;tr&gt;
&lt;td&gt;URL:&lt;/td&gt;
&lt;td&gt;http://testapi-gt.u-xian.com:50752/api/FoodPost/PostSearChByTag&lt;/td&gt;
&lt;/tr&gt;
&lt;tr&gt;
&lt;td&gt;Server:&lt;/td&gt;
&lt;td&gt;slbh13.cloud.cm10&lt;/td&gt;
&lt;/tr&gt;
&lt;tr&gt;
&lt;td&gt;Date:&lt;/td&gt;
&lt;td&gt;2015/12/04 10:46:14&lt;/td&gt;
&lt;/tr&gt;
&lt;/table&gt;
&lt;/body&gt;
&lt;/html&gt;">
      <![CDATA[net.sf.json.JSONException: A JSONObject text must begin with '{' at character 1 of <!DOCTYPE HTML PUBLIC "-//IETF//DTD HTML 2.0//EN">
<html>
<head><title>502 Bad Gateway</title></head>
<body bgcolor="white">
<h1>502 Bad Gateway</h1>
<p>The proxy server received an invalid response from an upstream server. Sorry for the inconvenience.<br/>
Please report this message and include the following information to us.<br/>
Thank you very much!</p>
<table>
<tr>
<td>URL:</td>
<td>http://testapi-gt.u-xian.com:50752/api/FoodPost/PostSearChByTag</td>
</tr>
<tr>
<td>Server:</td>
<td>slbh13.cloud.cm10</td>
</tr>
<tr>
<td>Date:</td>
<td>2015/12/04 10:46:14</td>
</tr>
</table>
</body>
</html>
	at net.sf.json.util.JSONTokener.syntaxError(JSONTokener.java:499)
	at net.sf.json.JSONObject._fromJSONTokener(JSONObject.java:972)
	at net.sf.json.JSONObject._fromString(JSONObject.java:1201)
	at net.sf.json.JSONObject.fromObject(JSONObject.java:165)
	at net.sf.json.JSONObject.fromObject(JSONObject.java:134)
	at com.uxian.foodgroup.util.JsonUtil.Json2Map(JsonUtil.java:32)
	at com.uxian.foodgroup.FoodPost.PostSearChByTagTest.postSearChByTagTest(PostSearChByTagTest.java:66)
	at sun.reflect.NativeMethodAccessorImpl.invoke0(Native Method)
	at sun.reflect.NativeMethodAccessorImpl.invoke(NativeMethodAccessorImpl.java:57)
	at sun.reflect.DelegatingMethodAccessorImpl.invoke(DelegatingMethodAccessorImpl.java:43)
	at java.lang.reflect.Method.invoke(Method.java:606)
	at org.testng.internal.MethodInvocationHelper.invokeMethod(MethodInvocationHelper.java:85)
	at org.testng.internal.Invoker.invokeMethod(Invoker.java:659)
	at org.testng.internal.Invoker.invokeTestMethod(Invoker.java:845)
	at org.testng.internal.Invoker.invokeTestMethods(Invoker.java:1153)
	at org.testng.internal.TestMethodWorker.invokeTestMethods(TestMethodWorker.java:125)
	at org.testng.internal.TestMethodWorker.run(TestMethodWorker.java:108)
	at org.testng.TestRunner.privateRun(TestRunner.java:771)
	at org.testng.TestRunner.run(TestRunner.java:621)
	at org.testng.SuiteRunner.runTest(SuiteRunner.java:357)
	at org.testng.SuiteRunner.runSequentially(SuiteRunner.java:352)
	at org.testng.SuiteRunner.privateRun(SuiteRunner.java:310)
	at org.testng.SuiteRunner.run(SuiteRunner.java:259)
	at org.testng.SuiteRunnerWorker.runSuite(SuiteRunnerWorker.java:52)
	at org.testng.SuiteRunnerWorker.run(SuiteRunnerWorker.java:86)
	at org.testng.TestNG.runSuitesSequentially(TestNG.java:1199)
	at org.testng.TestNG.runSuitesLocally(TestNG.java:1124)
	at org.testng.TestNG.run(TestNG.java:1032)
	at org.testng.remote.RemoteTestNG.run(RemoteTestNG.java:111)
	at org.testng.remote.RemoteTestNG.initAndRun(RemoteTestNG.java:204)
	at org.testng.remote.RemoteTestNG.main(RemoteTestNG.java:175)
]]>
    </error>
  </testcase> <!-- postSearChByTagTest -->
</testsuite> <!-- com.uxian.foodgroup.FoodPost.PostSearChByTagTest -->
