<?xml version="1.0" encoding="UTF-8"?>
<!-- Generated by org.testng.reporters.JUnitReportReporter -->
<testsuite hostname="Lenovo-PC" name="com.uxian.foodgroup.V2.FoodpostShareTest" tests="1" failures="0" timestamp="13 Nov 2015 09:39:26 GMT" time="0.073" errors="0">
  <testcase name="foodpostShareTest" time="0.073" classname="com.uxian.foodgroup.V2.FoodpostShareTest"/>
</testsuite> <!-- com.uxian.foodgroup.V2.FoodpostShareTest -->
