<?xml version="1.0" encoding="UTF-8"?>
<!-- Generated by org.testng.reporters.JUnitReportReporter -->
<testsuite hostname="Lenovo-PC" name="com.uxian.foodgroup.FoodMessage.FoodPostMessagesTest" tests="2" failures="0" timestamp="21 Nov 2015 05:34:16 GMT" time="0.087" errors="0">
  <testcase name="foodPostMessagesTest" time="0.038" classname="com.uxian.foodgroup.FoodMessage.FoodPostMessagesTest"/>
  <testcase name="foodPostMessagesTest" time="0.049" classname="com.uxian.foodgroup.FoodMessage.FoodPostMessagesTest"/>
</testsuite> <!-- com.uxian.foodgroup.FoodMessage.FoodPostMessagesTest -->
