<?xml version="1.0" encoding="UTF-8"?>
<!-- Generated by org.testng.reporters.JUnitReportReporter -->
<testsuite hostname="Lenovo-PC" name="com.uxian.foodgroup.FoodPostUserInfo.EditUserInfoTest" tests="13" failures="0" timestamp="22 Nov 2015 04:27:57 GMT" time="11.003" errors="0">
  <testcase name="editUserInfoTest" time="0.088" classname="com.uxian.foodgroup.FoodPostUserInfo.EditUserInfoTest"/>
  <testcase name="editUserInfoTest" time="9.828" classname="com.uxian.foodgroup.FoodPostUserInfo.EditUserInfoTest"/>
  <testcase name="editUserInfoTest" time="0.055" classname="com.uxian.foodgroup.FoodPostUserInfo.EditUserInfoTest"/>
  <testcase name="noRequiredTest" time="0.128" classname="com.uxian.foodgroup.FoodPostUserInfo.EditUserInfoTest"/>
  <testcase name="editUserInfoTest" time="0.053" classname="com.uxian.foodgroup.FoodPostUserInfo.EditUserInfoTest"/>
  <testcase name="noRequiredTest" time="0.046" classname="com.uxian.foodgroup.FoodPostUserInfo.EditUserInfoTest"/>
  <testcase name="noRequiredTest" time="0.056" classname="com.uxian.foodgroup.FoodPostUserInfo.EditUserInfoTest"/>
  <testcase name="editUserInfoTest" time="0.068" classname="com.uxian.foodgroup.FoodPostUserInfo.EditUserInfoTest"/>
  <testcase name="editUserInfoTest" time="0.360" classname="com.uxian.foodgroup.FoodPostUserInfo.EditUserInfoTest"/>
  <testcase name="editUserInfoTest" time="0.130" classname="com.uxian.foodgroup.FoodPostUserInfo.EditUserInfoTest"/>
  <testcase name="editUserInfoTest" time="0.061" classname="com.uxian.foodgroup.FoodPostUserInfo.EditUserInfoTest"/>
  <testcase name="editUserInfoTest" time="0.064" classname="com.uxian.foodgroup.FoodPostUserInfo.EditUserInfoTest"/>
  <testcase name="editUserInfoTest" time="0.066" classname="com.uxian.foodgroup.FoodPostUserInfo.EditUserInfoTest"/>
</testsuite> <!-- com.uxian.foodgroup.FoodPostUserInfo.EditUserInfoTest -->
