<?xml version="1.0" encoding="UTF-8"?>
<!-- Generated by org.testng.reporters.JUnitReportReporter -->
<testsuite hostname="Lenovo-PC" name="com.uxian.foodgroup.V2.IsRepeatUserNameTest" tests="6" failures="0" timestamp="13 Nov 2015 09:39:26 GMT" time="0.624" errors="0">
  <testcase name="noRequired" time="0.340" classname="com.uxian.foodgroup.V2.IsRepeatUserNameTest"/>
  <testcase name="noRequired" time="0.038" classname="com.uxian.foodgroup.V2.IsRepeatUserNameTest"/>
  <testcase name="noRequired" time="0.039" classname="com.uxian.foodgroup.V2.IsRepeatUserNameTest"/>
  <testcase name="isRepeatTest" time="0.111" classname="com.uxian.foodgroup.V2.IsRepeatUserNameTest"/>
  <testcase name="noRequired" time="0.030" classname="com.uxian.foodgroup.V2.IsRepeatUserNameTest"/>
  <testcase name="isRepeatTest" time="0.066" classname="com.uxian.foodgroup.V2.IsRepeatUserNameTest"/>
</testsuite> <!-- com.uxian.foodgroup.V2.IsRepeatUserNameTest -->
