<?xml version="1.0" encoding="UTF-8"?>
<!-- Generated by org.testng.reporters.JUnitReportReporter -->
<testsuite hostname="Lenovo-PC" name="com.uxian.foodgroup.V1.FoodPostDelTest" tests="6" failures="0" timestamp="12 Nov 2015 09:42:33 GMT" time="0.234" errors="0">
  <testcase name="activateCommentTest" time="0.086" classname="com.uxian.foodgroup.V1.FoodPostDelTest"/>
  <testcase name="noRequiredTest" time="0.034" classname="com.uxian.foodgroup.V1.FoodPostDelTest"/>
  <testcase name="noRequiredTest" time="0.031" classname="com.uxian.foodgroup.V1.FoodPostDelTest"/>
  <testcase name="noRequiredTest" time="0.025" classname="com.uxian.foodgroup.V1.FoodPostDelTest"/>
  <testcase name="noRequiredTest" time="0.035" classname="com.uxian.foodgroup.V1.FoodPostDelTest"/>
  <testcase name="noRequiredTest" time="0.023" classname="com.uxian.foodgroup.V1.FoodPostDelTest"/>
</testsuite> <!-- com.uxian.foodgroup.V1.FoodPostDelTest -->
