<?xml version="1.0" encoding="UTF-8"?>
<!-- Generated by org.testng.reporters.JUnitReportReporter -->
<testsuite hostname="Lenovo-PC" name="com.uxian.foodgroup.V1.PostCommentTest" tests="6" failures="0" timestamp="16 Nov 2015 09:24:18 GMT" time="0.695" errors="0">
  <testcase name="noRequiredTest" time="0.035" classname="com.uxian.foodgroup.V1.PostCommentTest"/>
  <testcase name="noRequiredTest" time="0.045" classname="com.uxian.foodgroup.V1.PostCommentTest"/>
  <testcase name="activateCommentTest" time="0.519" classname="com.uxian.foodgroup.V1.PostCommentTest"/>
  <testcase name="noRequiredTest" time="0.033" classname="com.uxian.foodgroup.V1.PostCommentTest"/>
  <testcase name="noRequiredTest" time="0.033" classname="com.uxian.foodgroup.V1.PostCommentTest"/>
  <testcase name="noRequiredTest" time="0.030" classname="com.uxian.foodgroup.V1.PostCommentTest"/>
</testsuite> <!-- com.uxian.foodgroup.V1.PostCommentTest -->
