<?xml version="1.0" encoding="UTF-8"?>
<!-- Generated by org.testng.reporters.JUnitReportReporter -->
<testsuite hostname="Lenovo-PC" name="com.uxian.foodgroup.FoodPostOperator.FoodPostCollectionTest" tests="8" failures="0" timestamp="21 Nov 2015 05:34:16 GMT" time="0.382" errors="0">
  <testcase name="noRequiredTest" time="0.019" classname="com.uxian.foodgroup.FoodPostOperator.FoodPostCollectionTest"/>
  <testcase name="activateCommentTest" time="0.061" classname="com.uxian.foodgroup.FoodPostOperator.FoodPostCollectionTest"/>
  <testcase name="activateCommentTest" time="0.044" classname="com.uxian.foodgroup.FoodPostOperator.FoodPostCollectionTest"/>
  <testcase name="noRequiredTest" time="0.029" classname="com.uxian.foodgroup.FoodPostOperator.FoodPostCollectionTest"/>
  <testcase name="noRequiredTest" time="0.041" classname="com.uxian.foodgroup.FoodPostOperator.FoodPostCollectionTest"/>
  <testcase name="noRequiredTest" time="0.022" classname="com.uxian.foodgroup.FoodPostOperator.FoodPostCollectionTest"/>
  <testcase name="noRequiredTest" time="0.030" classname="com.uxian.foodgroup.FoodPostOperator.FoodPostCollectionTest"/>
  <testcase name="activateCommentTest" time="0.136" classname="com.uxian.foodgroup.FoodPostOperator.FoodPostCollectionTest"/>
</testsuite> <!-- com.uxian.foodgroup.FoodPostOperator.FoodPostCollectionTest -->
