<?xml version="1.0" encoding="UTF-8"?>
<!-- Generated by org.testng.reporters.JUnitReportReporter -->
<testsuite hostname="Lenovo-PC" name="com.uxian.foodgroup.FoodPostUserInfo.SendInvitionTest" tests="1" failures="0" timestamp="21 Nov 2015 05:34:16 GMT" time="0.193" errors="0">
  <testcase name="inviteFoodUsersTest" time="0.193" classname="com.uxian.foodgroup.FoodPostUserInfo.SendInvitionTest"/>
</testsuite> <!-- com.uxian.foodgroup.FoodPostUserInfo.SendInvitionTest -->
