<?xml version="1.0" encoding="UTF-8"?>
<!-- Generated by org.testng.reporters.JUnitReportReporter -->
<testsuite hostname="Lenovo-PC" name="com.uxian.foodgroup.FoodPostOperator.FoodPostCommentTest" tests="6" failures="0" timestamp="24 Nov 2015 11:08:30 GMT" time="1.025" errors="0">
  <testcase name="noRequiredTest" time="0.034" classname="com.uxian.foodgroup.FoodPostOperator.FoodPostCommentTest"/>
  <testcase name="noRequiredTest" time="0.340" classname="com.uxian.foodgroup.FoodPostOperator.FoodPostCommentTest"/>
  <testcase name="noRequiredTest" time="0.018" classname="com.uxian.foodgroup.FoodPostOperator.FoodPostCommentTest"/>
  <testcase name="noRequiredTest" time="0.079" classname="com.uxian.foodgroup.FoodPostOperator.FoodPostCommentTest"/>
  <testcase name="activateCommentTest" time="0.523" classname="com.uxian.foodgroup.FoodPostOperator.FoodPostCommentTest"/>
  <testcase name="noRequiredTest" time="0.031" classname="com.uxian.foodgroup.FoodPostOperator.FoodPostCommentTest"/>
</testsuite> <!-- com.uxian.foodgroup.FoodPostOperator.FoodPostCommentTest -->
