<?xml version="1.0" encoding="UTF-8"?>
<!-- Generated by org.testng.reporters.JUnitReportReporter -->
<testsuite hostname="Lenovo-PC" name="com.uxian.foodgroup.FoodPostUserInfo.InviteFoodUsersTest" tests="2" failures="0" timestamp="21 Nov 2015 05:34:16 GMT" time="0.482" errors="0">
  <testcase name="inviteFoodUsersTest" time="0.247" classname="com.uxian.foodgroup.FoodPostUserInfo.InviteFoodUsersTest"/>
  <testcase name="inviteFoodUsersTest" time="0.235" classname="com.uxian.foodgroup.FoodPostUserInfo.InviteFoodUsersTest"/>
</testsuite> <!-- com.uxian.foodgroup.FoodPostUserInfo.InviteFoodUsersTest -->
