<?xml version="1.0" encoding="UTF-8"?>
<!-- Generated by org.testng.reporters.JUnitReportReporter -->
<testsuite hostname="Lenovo-PC" name="com.uxian.foodgroup.V1.PostDetailsTest" tests="6" failures="0" timestamp="16 Nov 2015 09:35:52 GMT" time="0.697" errors="0">
  <testcase name="noRequiredTest" time="0.039" classname="com.uxian.foodgroup.V1.PostDetailsTest"/>
  <testcase name="noRequiredTest" time="0.031" classname="com.uxian.foodgroup.V1.PostDetailsTest"/>
  <testcase name="noRequiredTest" time="0.034" classname="com.uxian.foodgroup.V1.PostDetailsTest"/>
  <testcase name="noRequiredTest" time="0.041" classname="com.uxian.foodgroup.V1.PostDetailsTest"/>
  <testcase name="noRequiredTest" time="0.031" classname="com.uxian.foodgroup.V1.PostDetailsTest"/>
  <testcase name="activateCommentTest" time="0.521" classname="com.uxian.foodgroup.V1.PostDetailsTest"/>
</testsuite> <!-- com.uxian.foodgroup.V1.PostDetailsTest -->
