<?xml version="1.0" encoding="UTF-8"?>
<!-- Generated by org.testng.reporters.JUnitReportReporter -->
<testsuite hostname="Lenovo-PC" name="com.uxian.foodgroup.V1.PostCollectionDelTest" tests="4" failures="0" timestamp="16 Nov 2015 07:58:45 GMT" time="0.685" errors="0">
  <testcase name="noRequiredTest" time="0.090" classname="com.uxian.foodgroup.V1.PostCollectionDelTest"/>
  <testcase name="activateCommentTest" time="0.208" classname="com.uxian.foodgroup.V1.PostCollectionDelTest"/>
  <testcase name="noRequiredTest" time="0.330" classname="com.uxian.foodgroup.V1.PostCollectionDelTest"/>
  <testcase name="noRequiredTest" time="0.057" classname="com.uxian.foodgroup.V1.PostCollectionDelTest"/>
</testsuite> <!-- com.uxian.foodgroup.V1.PostCollectionDelTest -->
