<?xml version="1.0" encoding="UTF-8"?>
<!-- Generated by org.testng.reporters.JUnitReportReporter -->
<testsuite hostname="Lenovo-PC" name="com.uxian.foodgroup.V2.FoodStampSourceTest" tests="2" failures="0" timestamp="13 Nov 2015 09:39:26 GMT" time="0.324" errors="0">
  <testcase name="foodStampSourceTest" time="0.158" classname="com.uxian.foodgroup.V2.FoodStampSourceTest"/>
  <testcase name="foodStampSourceTest" time="0.166" classname="com.uxian.foodgroup.V2.FoodStampSourceTest"/>
</testsuite> <!-- com.uxian.foodgroup.V2.FoodStampSourceTest -->
