<?xml version="1.0" encoding="UTF-8"?>
<!-- Generated by org.testng.reporters.JUnitReportReporter -->
<testsuite hostname="Lenovo-PC" name="com.uxian.foodgroup.V1.PostPraiseTest" tests="8" failures="0" timestamp="18 Nov 2015 02:42:13 GMT" time="2.932" errors="0">
  <testcase name="activateCommentTest" time="2.584" classname="com.uxian.foodgroup.V1.PostPraiseTest"/>
  <testcase name="noRequiredTest" time="0.033" classname="com.uxian.foodgroup.V1.PostPraiseTest"/>
  <testcase name="activateCommentTest" time="0.047" classname="com.uxian.foodgroup.V1.PostPraiseTest"/>
  <testcase name="noRequiredTest" time="0.026" classname="com.uxian.foodgroup.V1.PostPraiseTest"/>
  <testcase name="noRequiredTest" time="0.019" classname="com.uxian.foodgroup.V1.PostPraiseTest"/>
  <testcase name="noRequiredTest" time="0.082" classname="com.uxian.foodgroup.V1.PostPraiseTest"/>
  <testcase name="noRequiredTest" time="0.082" classname="com.uxian.foodgroup.V1.PostPraiseTest"/>
  <testcase name="activateCommentTest" time="0.059" classname="com.uxian.foodgroup.V1.PostPraiseTest"/>
</testsuite> <!-- com.uxian.foodgroup.V1.PostPraiseTest -->
