<?xml version="1.0" encoding="UTF-8"?>
<!-- Generated by org.testng.reporters.JUnitReportReporter -->
<testsuite hostname="Lenovo-PC" name="com.uxian.foodgroup.FoodPostOperator.FoodPostDelTest" tests="6" failures="0" timestamp="21 Nov 2015 05:34:16 GMT" time="0.280" errors="0">
  <testcase name="noRequiredTest" time="0.041" classname="com.uxian.foodgroup.FoodPostOperator.FoodPostDelTest"/>
  <testcase name="noRequiredTest" time="0.031" classname="com.uxian.foodgroup.FoodPostOperator.FoodPostDelTest"/>
  <testcase name="noRequiredTest" time="0.038" classname="com.uxian.foodgroup.FoodPostOperator.FoodPostDelTest"/>
  <testcase name="activateCommentTest" time="0.102" classname="com.uxian.foodgroup.FoodPostOperator.FoodPostDelTest"/>
  <testcase name="noRequiredTest" time="0.039" classname="com.uxian.foodgroup.FoodPostOperator.FoodPostDelTest"/>
  <testcase name="noRequiredTest" time="0.029" classname="com.uxian.foodgroup.FoodPostOperator.FoodPostDelTest"/>
</testsuite> <!-- com.uxian.foodgroup.FoodPostOperator.FoodPostDelTest -->
