<?xml version="1.0" encoding="UTF-8"?>
<!-- Generated by org.testng.reporters.JUnitReportReporter -->
<testsuite hostname="Lenovo-PC" name="com.uxian.foodgroup.V1.PostCommentListTest" tests="3" failures="0" timestamp="16 Nov 2015 09:14:48 GMT" time="0.633" errors="0">
  <testcase name="noRequiredTest" time="0.032" classname="com.uxian.foodgroup.V1.PostCommentListTest"/>
  <testcase name="activateCommentTest" time="0.560" classname="com.uxian.foodgroup.V1.PostCommentListTest"/>
  <testcase name="noRequiredTest" time="0.041" classname="com.uxian.foodgroup.V1.PostCommentListTest"/>
</testsuite> <!-- com.uxian.foodgroup.V1.PostCommentListTest -->
