<?xml version="1.0" encoding="UTF-8"?>
<!-- Generated by org.testng.reporters.JUnitReportReporter -->
<testsuite hostname="Lenovo-PC" name="com.uxian.foodgroup.FoodPostOperator.FoodPraiseUsersTest" tests="6" failures="0" timestamp="21 Nov 2015 05:34:16 GMT" time="0.229" errors="0">
  <testcase name="activateCommentTest" time="0.064" classname="com.uxian.foodgroup.FoodPostOperator.FoodPraiseUsersTest"/>
  <testcase name="noRequiredTest" time="0.036" classname="com.uxian.foodgroup.FoodPostOperator.FoodPraiseUsersTest"/>
  <testcase name="noRequiredTest" time="0.038" classname="com.uxian.foodgroup.FoodPostOperator.FoodPraiseUsersTest"/>
  <testcase name="noRequiredTest" time="0.035" classname="com.uxian.foodgroup.FoodPostOperator.FoodPraiseUsersTest"/>
  <testcase name="noRequiredTest" time="0.032" classname="com.uxian.foodgroup.FoodPostOperator.FoodPraiseUsersTest"/>
  <testcase name="noRequiredTest" time="0.024" classname="com.uxian.foodgroup.FoodPostOperator.FoodPraiseUsersTest"/>
</testsuite> <!-- com.uxian.foodgroup.FoodPostOperator.FoodPraiseUsersTest -->
