<?xml version="1.0" encoding="UTF-8"?>
<!-- Generated by org.testng.reporters.JUnitReportReporter -->
<testsuite hostname="Lenovo-PC" name="com.uxian.foodgroup.V2.SearchTagsTest" tests="4" failures="0" timestamp="13 Nov 2015 09:39:26 GMT" time="0.496" errors="0">
  <testcase name="searchTagsTest" time="0.359" classname="com.uxian.foodgroup.V2.SearchTagsTest"/>
  <testcase name="searchTagsnoFinerTest" time="0.030" classname="com.uxian.foodgroup.V2.SearchTagsTest"/>
  <testcase name="searchTagsTest" time="0.048" classname="com.uxian.foodgroup.V2.SearchTagsTest"/>
  <testcase name="searchTagsTest" time="0.059" classname="com.uxian.foodgroup.V2.SearchTagsTest"/>
</testsuite> <!-- com.uxian.foodgroup.V2.SearchTagsTest -->
