<?xml version="1.0" encoding="UTF-8"?>
<!-- Generated by org.testng.reporters.JUnitReportReporter -->
<testsuite hostname="Lenovo-PC" name="com.uxian.foodgroup.V1.EditUserInfoTest" tests="1" failures="0" timestamp="17 Nov 2015 06:16:38 GMT" time="0.453" errors="0">
  <testcase name="activateCommentTest" time="0.453" classname="com.uxian.foodgroup.V1.EditUserInfoTest"/>
</testsuite> <!-- com.uxian.foodgroup.V1.EditUserInfoTest -->
