<?xml version="1.0" encoding="UTF-8"?>
<!-- Generated by org.testng.reporters.JUnitReportReporter -->
<testsuite hostname="Lenovo-PC" name="com.uxian.foodgroup.V1.PostMessagesTest" tests="2" failures="0" timestamp="13 Nov 2015 09:39:26 GMT" time="0.108" errors="0">
  <testcase name="activateCommentTest" time="0.052" classname="com.uxian.foodgroup.V1.PostMessagesTest"/>
  <testcase name="activateCommentTest" time="0.056" classname="com.uxian.foodgroup.V1.PostMessagesTest"/>
</testsuite> <!-- com.uxian.foodgroup.V1.PostMessagesTest -->
