<?xml version="1.0" encoding="UTF-8"?>
<!-- Generated by org.testng.reporters.JUnitReportReporter -->
<testsuite hostname="Lenovo-PC" name="com.uxian.foodgroup.V2.SetStampTest" tests="1" failures="0" timestamp="13 Nov 2015 06:51:39 GMT" time="0.423" errors="0">
  <testcase name="setStamp" time="0.423" classname="com.uxian.foodgroup.V2.SetStampTest"/>
</testsuite> <!-- com.uxian.foodgroup.V2.SetStampTest -->
