<?xml version="1.0" encoding="UTF-8"?>
<!-- Generated by org.testng.reporters.JUnitReportReporter -->
<testsuite hostname="Lenovo-PC" name="com.uxian.foodgroup.V1.FoodPraiseUsersTest" tests="6" failures="0" timestamp="12 Nov 2015 09:42:33 GMT" time="0.212" errors="0">
  <testcase name="noRequiredTest" time="0.035" classname="com.uxian.foodgroup.V1.FoodPraiseUsersTest"/>
  <testcase name="noRequiredTest" time="0.019" classname="com.uxian.foodgroup.V1.FoodPraiseUsersTest"/>
  <testcase name="noRequiredTest" time="0.030" classname="com.uxian.foodgroup.V1.FoodPraiseUsersTest"/>
  <testcase name="activateCommentTest" time="0.060" classname="com.uxian.foodgroup.V1.FoodPraiseUsersTest"/>
  <testcase name="noRequiredTest" time="0.037" classname="com.uxian.foodgroup.V1.FoodPraiseUsersTest"/>
  <testcase name="noRequiredTest" time="0.031" classname="com.uxian.foodgroup.V1.FoodPraiseUsersTest"/>
</testsuite> <!-- com.uxian.foodgroup.V1.FoodPraiseUsersTest -->
