<?xml version="1.0" encoding="UTF-8"?>
<!-- Generated by org.testng.reporters.JUnitReportReporter -->
<testsuite hostname="Lenovo-PC" name="com.uxian.foodgroup.FoodPostOperator.FoodPostPraiseCancelTest" tests="1" failures="0" timestamp="21 Nov 2015 05:34:16 GMT" time="0.134" errors="0">
  <testcase name="activateCommentTest" time="0.134" classname="com.uxian.foodgroup.FoodPostOperator.FoodPostPraiseCancelTest"/>
</testsuite> <!-- com.uxian.foodgroup.FoodPostOperator.FoodPostPraiseCancelTest -->
