<?xml version="1.0" encoding="UTF-8"?>
<!-- Generated by org.testng.reporters.JUnitReportReporter -->
<testsuite hostname="Lenovo-PC" name="com.uxian.foodgroup.FoodPostOperator.FoodpostShareTest" tests="1" failures="0" timestamp="21 Nov 2015 05:34:16 GMT" time="0.089" errors="0">
  <testcase name="foodpostShareTest" time="0.089" classname="com.uxian.foodgroup.FoodPostOperator.FoodpostShareTest"/>
</testsuite> <!-- com.uxian.foodgroup.FoodPostOperator.FoodpostShareTest -->
