<?xml version="1.0" encoding="UTF-8"?>
<!-- Generated by org.testng.reporters.JUnitReportReporter -->
<testsuite hostname="Lenovo-PC" name="com.uxian.foodgroup.FoodPostOperator.SearchTagsTest" tests="3" failures="0" timestamp="21 Nov 2015 05:34:16 GMT" time="0.184" errors="0">
  <testcase name="searchTagsTest" time="0.064" classname="com.uxian.foodgroup.FoodPostOperator.SearchTagsTest"/>
  <testcase name="searchTagsTest" time="0.068" classname="com.uxian.foodgroup.FoodPostOperator.SearchTagsTest"/>
  <testcase name="searchTagsTest" time="0.052" classname="com.uxian.foodgroup.FoodPostOperator.SearchTagsTest"/>
</testsuite> <!-- com.uxian.foodgroup.FoodPostOperator.SearchTagsTest -->
