<?xml version="1.0" encoding="UTF-8"?>
<!-- Generated by org.testng.reporters.JUnitReportReporter -->
<testsuite hostname="Lenovo-PC" name="com.uxian.foodgroup.V1.PostDelTest" tests="6" failures="0" timestamp="13 Nov 2015 09:39:26 GMT" time="0.244" errors="0">
  <testcase name="noRequiredTest" time="0.032" classname="com.uxian.foodgroup.V1.PostDelTest"/>
  <testcase name="noRequiredTest" time="0.022" classname="com.uxian.foodgroup.V1.PostDelTest"/>
  <testcase name="noRequiredTest" time="0.053" classname="com.uxian.foodgroup.V1.PostDelTest"/>
  <testcase name="noRequiredTest" time="0.020" classname="com.uxian.foodgroup.V1.PostDelTest"/>
  <testcase name="activateCommentTest" time="0.085" classname="com.uxian.foodgroup.V1.PostDelTest"/>
  <testcase name="noRequiredTest" time="0.032" classname="com.uxian.foodgroup.V1.PostDelTest"/>
</testsuite> <!-- com.uxian.foodgroup.V1.PostDelTest -->
