<?xml version="1.0" encoding="UTF-8"?>
<!-- Generated by org.testng.reporters.JUnitReportReporter -->
<testsuite hostname="Lenovo-PC" name="com.uxian.foodgroup.V1.CommentCountTest" tests="3" failures="0" timestamp="16 Nov 2015 08:26:51 GMT" time="0.615" errors="0">
  <testcase name="noRequiredTest" time="0.038" classname="com.uxian.foodgroup.V1.CommentCountTest"/>
  <testcase name="activateCommentTest" time="0.544" classname="com.uxian.foodgroup.V1.CommentCountTest"/>
  <testcase name="noRequiredTest" time="0.033" classname="com.uxian.foodgroup.V1.CommentCountTest"/>
</testsuite> <!-- com.uxian.foodgroup.V1.CommentCountTest -->
