<?xml version="1.0" encoding="UTF-8"?>
<!-- Generated by org.testng.reporters.JUnitReportReporter -->
<testsuite hostname="Lenovo-PC" name="com.uxian.foodgroup.FoodPostOperator.FoodPostDetailsTest" tests="6" failures="0" timestamp="21 Nov 2015 05:34:16 GMT" time="0.189" errors="0">
  <testcase name="noRequiredTest" time="0.021" classname="com.uxian.foodgroup.FoodPostOperator.FoodPostDetailsTest"/>
  <testcase name="noRequiredTest" time="0.033" classname="com.uxian.foodgroup.FoodPostOperator.FoodPostDetailsTest"/>
  <testcase name="noRequiredTest" time="0.023" classname="com.uxian.foodgroup.FoodPostOperator.FoodPostDetailsTest"/>
  <testcase name="noRequiredTest" time="0.033" classname="com.uxian.foodgroup.FoodPostOperator.FoodPostDetailsTest"/>
  <testcase name="activateCommentTest" time="0.045" classname="com.uxian.foodgroup.FoodPostOperator.FoodPostDetailsTest"/>
  <testcase name="noRequiredTest" time="0.034" classname="com.uxian.foodgroup.FoodPostOperator.FoodPostDetailsTest"/>
</testsuite> <!-- com.uxian.foodgroup.FoodPostOperator.FoodPostDetailsTest -->
