<?xml version="1.0" encoding="UTF-8"?>
<!-- Generated by org.testng.reporters.JUnitReportReporter -->
<testsuite hostname="Lenovo-PC" name="com.uxian.foodgroup.DataCount.PraisCountTest" tests="1" failures="0" timestamp="21 Nov 2015 05:34:16 GMT" time="0.036" errors="0">
  <testcase name="praisCountTest" time="0.036" classname="com.uxian.foodgroup.DataCount.PraisCountTest"/>
</testsuite> <!-- com.uxian.foodgroup.DataCount.PraisCountTest -->
