<?xml version="1.0" encoding="UTF-8"?>
<!-- Generated by org.testng.reporters.JUnitReportReporter -->
<testsuite hostname="Lenovo-PC" name="com.uxian.foodgroup.FoodPostOperator.FoodPostPraiseTest" tests="8" failures="0" timestamp="23 Nov 2015 03:39:53 GMT" time="1.331" errors="0">
  <testcase name="noRequiredTest" time="0.032" classname="com.uxian.foodgroup.FoodPostOperator.FoodPostPraiseTest"/>
  <testcase name="noRequiredTest" time="0.091" classname="com.uxian.foodgroup.FoodPostOperator.FoodPostPraiseTest"/>
  <testcase name="noRequiredTest" time="0.031" classname="com.uxian.foodgroup.FoodPostOperator.FoodPostPraiseTest"/>
  <testcase name="activateCommentTest" time="0.980" classname="com.uxian.foodgroup.FoodPostOperator.FoodPostPraiseTest"/>
  <testcase name="activateCommentTest" time="0.048" classname="com.uxian.foodgroup.FoodPostOperator.FoodPostPraiseTest"/>
  <testcase name="noRequiredTest" time="0.036" classname="com.uxian.foodgroup.FoodPostOperator.FoodPostPraiseTest"/>
  <testcase name="noRequiredTest" time="0.031" classname="com.uxian.foodgroup.FoodPostOperator.FoodPostPraiseTest"/>
  <testcase name="activateCommentTest" time="0.082" classname="com.uxian.foodgroup.FoodPostOperator.FoodPostPraiseTest"/>
</testsuite> <!-- com.uxian.foodgroup.FoodPostOperator.FoodPostPraiseTest -->
