<?xml version="1.0" encoding="UTF-8"?>
<!-- Generated by org.testng.reporters.JUnitReportReporter -->
<testsuite hostname="Lenovo-PC" name="com.uxian.foodgroup.FoodMessage.MessagesUpdateTest" tests="6" failures="0" timestamp="21 Nov 2015 05:34:16 GMT" time="0.202" errors="0">
  <testcase name="noRequiredTest" time="0.030" classname="com.uxian.foodgroup.FoodMessage.MessagesUpdateTest"/>
  <testcase name="noRequiredTest" time="0.022" classname="com.uxian.foodgroup.FoodMessage.MessagesUpdateTest"/>
  <testcase name="noRequiredTest" time="0.028" classname="com.uxian.foodgroup.FoodMessage.MessagesUpdateTest"/>
  <testcase name="noRequiredTest" time="0.034" classname="com.uxian.foodgroup.FoodMessage.MessagesUpdateTest"/>
  <testcase name="messagesUpdateTest" time="0.046" classname="com.uxian.foodgroup.FoodMessage.MessagesUpdateTest"/>
  <testcase name="noRequiredTest" time="0.042" classname="com.uxian.foodgroup.FoodMessage.MessagesUpdateTest"/>
</testsuite> <!-- com.uxian.foodgroup.FoodMessage.MessagesUpdateTest -->
