<?xml version="1.0" encoding="UTF-8"?>
<!-- Generated by org.testng.reporters.JUnitReportReporter -->
<testsuite hostname="Lenovo-PC" name="com.uxian.foodgroup.V2.InviteFoodUsersTest" tests="2" failures="0" timestamp="13 Nov 2015 09:39:26 GMT" time="0.598" errors="0">
  <testcase name="inviteFoodUsersTest" time="0.298" classname="com.uxian.foodgroup.V2.InviteFoodUsersTest"/>
  <testcase name="inviteFoodUsersTest" time="0.300" classname="com.uxian.foodgroup.V2.InviteFoodUsersTest"/>
</testsuite> <!-- com.uxian.foodgroup.V2.InviteFoodUsersTest -->
