<?xml version="1.0" encoding="UTF-8"?>
<!-- Generated by org.testng.reporters.JUnitReportReporter -->
<testsuite hostname="Lenovo-PC" name="com.uxian.foodgroup.V2.FoodpostRewardTest" tests="7" failures="0" timestamp="13 Nov 2015 09:39:26 GMT" time="0.935" errors="0">
  <testcase name="foodpostRewardTest" time="0.141" classname="com.uxian.foodgroup.V2.FoodpostRewardTest"/>
  <testcase name="noPayModeTest" time="0.050" classname="com.uxian.foodgroup.V2.FoodpostRewardTest"/>
  <testcase name="foodpostRewardTest" time="0.552" classname="com.uxian.foodgroup.V2.FoodpostRewardTest"/>
  <testcase name="getData_unnormalTest" time="0.043" classname="com.uxian.foodgroup.V2.FoodpostRewardTest"/>
  <testcase name="foodpostRewardTest" time="0.048" classname="com.uxian.foodgroup.V2.FoodpostRewardTest"/>
  <testcase name="getData_unnormalTest" time="0.054" classname="com.uxian.foodgroup.V2.FoodpostRewardTest"/>
  <testcase name="getData_unnormalTest" time="0.047" classname="com.uxian.foodgroup.V2.FoodpostRewardTest"/>
</testsuite> <!-- com.uxian.foodgroup.V2.FoodpostRewardTest -->
