<?xml version="1.0" encoding="UTF-8"?>
<!-- Generated by org.testng.reporters.JUnitReportReporter -->
<testsuite hostname="Lenovo-PC" name="com.uxian.foodgroup.V1.FollowUserTest" tests="7" failures="0" timestamp="13 Nov 2015 09:39:26 GMT" time="0.271" errors="0">
  <testcase name="noRequiredTest" time="0.035" classname="com.uxian.foodgroup.V1.FollowUserTest"/>
  <testcase name="noRequiredTest" time="0.030" classname="com.uxian.foodgroup.V1.FollowUserTest"/>
  <testcase name="noRequiredTest" time="0.028" classname="com.uxian.foodgroup.V1.FollowUserTest"/>
  <testcase name="noRequiredTest" time="0.027" classname="com.uxian.foodgroup.V1.FollowUserTest"/>
  <testcase name="activateCommentTest" time="0.067" classname="com.uxian.foodgroup.V1.FollowUserTest"/>
  <testcase name="activateCommentTest" time="0.053" classname="com.uxian.foodgroup.V1.FollowUserTest"/>
  <testcase name="noRequiredTest" time="0.031" classname="com.uxian.foodgroup.V1.FollowUserTest"/>
</testsuite> <!-- com.uxian.foodgroup.V1.FollowUserTest -->
