<?xml version="1.0" encoding="UTF-8"?>
<!-- Generated by org.testng.reporters.JUnitReportReporter -->
<testsuite hostname="Lenovo-PC" name="com.uxian.foodgroup.V1.PostCollectionTest" tests="8" failures="0" timestamp="16 Nov 2015 09:09:18 GMT" time="0.916" errors="0">
  <testcase name="activateCommentTest" time="0.568" classname="com.uxian.foodgroup.V1.PostCollectionTest"/>
  <testcase name="noRequiredTest" time="0.034" classname="com.uxian.foodgroup.V1.PostCollectionTest"/>
  <testcase name="activateCommentTest" time="0.053" classname="com.uxian.foodgroup.V1.PostCollectionTest"/>
  <testcase name="noRequiredTest" time="0.019" classname="com.uxian.foodgroup.V1.PostCollectionTest"/>
  <testcase name="activateCommentTest" time="0.031" classname="com.uxian.foodgroup.V1.PostCollectionTest"/>
  <testcase name="noRequiredTest" time="0.135" classname="com.uxian.foodgroup.V1.PostCollectionTest"/>
  <testcase name="noRequiredTest" time="0.038" classname="com.uxian.foodgroup.V1.PostCollectionTest"/>
  <testcase name="noRequiredTest" time="0.038" classname="com.uxian.foodgroup.V1.PostCollectionTest"/>
</testsuite> <!-- com.uxian.foodgroup.V1.PostCollectionTest -->
