<?xml version="1.0" encoding="UTF-8"?>
<!-- Generated by org.testng.reporters.JUnitReportReporter -->
<testsuite hostname="Lenovo-PC" name="com.uxian.foodgroup.FoodPostUserInfo.AttentionUsersTest" tests="8" failures="0" timestamp="21 Nov 2015 05:34:16 GMT" time="0.353" errors="0">
  <testcase name="noRequiredTest" time="0.042" classname="com.uxian.foodgroup.FoodPostUserInfo.AttentionUsersTest"/>
  <testcase name="noRequiredTest" time="0.048" classname="com.uxian.foodgroup.FoodPostUserInfo.AttentionUsersTest"/>
  <testcase name="noRequiredTest" time="0.043" classname="com.uxian.foodgroup.FoodPostUserInfo.AttentionUsersTest"/>
  <testcase name="noRequiredTest" time="0.029" classname="com.uxian.foodgroup.FoodPostUserInfo.AttentionUsersTest"/>
  <testcase name="activateCommentTest" time="0.051" classname="com.uxian.foodgroup.FoodPostUserInfo.AttentionUsersTest"/>
  <testcase name="activateCommentTest" time="0.050" classname="com.uxian.foodgroup.FoodPostUserInfo.AttentionUsersTest"/>
  <testcase name="noRequiredTest" time="0.041" classname="com.uxian.foodgroup.FoodPostUserInfo.AttentionUsersTest"/>
  <testcase name="noRequiredTest" time="0.049" classname="com.uxian.foodgroup.FoodPostUserInfo.AttentionUsersTest"/>
</testsuite> <!-- com.uxian.foodgroup.FoodPostUserInfo.AttentionUsersTest -->
