<?xml version="1.0" encoding="UTF-8"?>
<!-- Generated by org.testng.reporters.JUnitReportReporter -->
<testsuite hostname="Lenovo-PC" name="com.uxian.foodgroup.FoodPostOperator.FoodPostCommentListTest" tests="3" failures="0" timestamp="21 Nov 2015 05:34:16 GMT" time="0.101" errors="0">
  <testcase name="activateCommentTest" time="0.047" classname="com.uxian.foodgroup.FoodPostOperator.FoodPostCommentListTest"/>
  <testcase name="noRequiredTest" time="0.032" classname="com.uxian.foodgroup.FoodPostOperator.FoodPostCommentListTest"/>
  <testcase name="noRequiredTest" time="0.022" classname="com.uxian.foodgroup.FoodPostOperator.FoodPostCommentListTest"/>
</testsuite> <!-- com.uxian.foodgroup.FoodPostOperator.FoodPostCommentListTest -->
