<?xml version="1.0" encoding="UTF-8"?>
<!-- Generated by org.testng.reporters.JUnitReportReporter -->
<testsuite hostname="Lenovo-PC" name="com.uxian.foodgroup.FoodPostOperator.FoodStampSourceTest" tests="2" failures="0" timestamp="21 Nov 2015 05:34:16 GMT" time="0.413" errors="0">
  <testcase name="foodStampSourceTest" time="0.197" classname="com.uxian.foodgroup.FoodPostOperator.FoodStampSourceTest"/>
  <testcase name="foodStampSourceTest" time="0.216" classname="com.uxian.foodgroup.FoodPostOperator.FoodStampSourceTest"/>
</testsuite> <!-- com.uxian.foodgroup.FoodPostOperator.FoodStampSourceTest -->
