<?xml version="1.0" encoding="UTF-8"?>
<!-- Generated by org.testng.reporters.JUnitReportReporter -->
<testsuite hostname="Lenovo-PC" name="com.uxian.foodgroup.V1.MessagesUpdateTest" tests="6" failures="0" timestamp="16 Nov 2015 08:54:26 GMT" time="0.704" errors="0">
  <testcase name="noRequiredTest" time="0.038" classname="com.uxian.foodgroup.V1.MessagesUpdateTest"/>
  <testcase name="noRequiredTest" time="0.061" classname="com.uxian.foodgroup.V1.MessagesUpdateTest"/>
  <testcase name="noRequiredTest" time="0.043" classname="com.uxian.foodgroup.V1.MessagesUpdateTest"/>
  <testcase name="activateCommentTest" time="0.486" classname="com.uxian.foodgroup.V1.MessagesUpdateTest"/>
  <testcase name="noRequiredTest" time="0.044" classname="com.uxian.foodgroup.V1.MessagesUpdateTest"/>
  <testcase name="noRequiredTest" time="0.032" classname="com.uxian.foodgroup.V1.MessagesUpdateTest"/>
</testsuite> <!-- com.uxian.foodgroup.V1.MessagesUpdateTest -->
