<?xml version="1.0" encoding="UTF-8"?>
<!-- Generated by org.testng.reporters.JUnitReportReporter -->
<testsuite hostname="Lenovo-PC" name="com.uxian.foodgroup.DataCount.CommentCountTest" tests="3" failures="0" timestamp="21 Nov 2015 05:34:16 GMT" time="0.078" errors="0">
  <testcase name="noRequiredTest" time="0.015" classname="com.uxian.foodgroup.DataCount.CommentCountTest"/>
  <testcase name="commentCountTest" time="0.033" classname="com.uxian.foodgroup.DataCount.CommentCountTest"/>
  <testcase name="noRequiredTest" time="0.030" classname="com.uxian.foodgroup.DataCount.CommentCountTest"/>
</testsuite> <!-- com.uxian.foodgroup.DataCount.CommentCountTest -->
