<?xml version="1.0" encoding="UTF-8"?>
<!-- Generated by org.testng.reporters.JUnitReportReporter -->
<testsuite hostname="Lenovo-PC" name="com.uxian.foodgroup.FoodPostUserInfo.CancelAttentionTest" tests="7" failures="0" timestamp="21 Nov 2015 05:34:16 GMT" time="0.248" errors="0">
  <testcase name="noRequiredTest" time="0.031" classname="com.uxian.foodgroup.FoodPostUserInfo.CancelAttentionTest"/>
  <testcase name="activateCommentTest" time="0.073" classname="com.uxian.foodgroup.FoodPostUserInfo.CancelAttentionTest"/>
  <testcase name="noRequiredTest" time="0.018" classname="com.uxian.foodgroup.FoodPostUserInfo.CancelAttentionTest"/>
  <testcase name="activateCommentTest" time="0.041" classname="com.uxian.foodgroup.FoodPostUserInfo.CancelAttentionTest"/>
  <testcase name="noRequiredTest" time="0.032" classname="com.uxian.foodgroup.FoodPostUserInfo.CancelAttentionTest"/>
  <testcase name="noRequiredTest" time="0.034" classname="com.uxian.foodgroup.FoodPostUserInfo.CancelAttentionTest"/>
  <testcase name="noRequiredTest" time="0.019" classname="com.uxian.foodgroup.FoodPostUserInfo.CancelAttentionTest"/>
</testsuite> <!-- com.uxian.foodgroup.FoodPostUserInfo.CancelAttentionTest -->
