<?xml version="1.0" encoding="UTF-8"?>
<!-- Generated by org.testng.reporters.JUnitReportReporter -->
<testsuite hostname="Lenovo-PC" name="com.uxian.foodgroup.V1.FoodPostUserInfoTest" tests="6" failures="0" timestamp="12 Nov 2015 09:42:33 GMT" time="0.243" errors="0">
  <testcase name="noRequiredTest" time="0.028" classname="com.uxian.foodgroup.V1.FoodPostUserInfoTest"/>
  <testcase name="activateCommentTest" time="0.057" classname="com.uxian.foodgroup.V1.FoodPostUserInfoTest"/>
  <testcase name="noRequiredTest" time="0.043" classname="com.uxian.foodgroup.V1.FoodPostUserInfoTest"/>
  <testcase name="noRequiredTest" time="0.042" classname="com.uxian.foodgroup.V1.FoodPostUserInfoTest"/>
  <testcase name="noRequiredTest" time="0.037" classname="com.uxian.foodgroup.V1.FoodPostUserInfoTest"/>
  <testcase name="noRequiredTest" time="0.036" classname="com.uxian.foodgroup.V1.FoodPostUserInfoTest"/>
</testsuite> <!-- com.uxian.foodgroup.V1.FoodPostUserInfoTest -->
