<?xml version="1.0" encoding="UTF-8"?>
<!-- Generated by org.testng.reporters.JUnitReportReporter -->
<testsuite hostname="Lenovo-PC" name="com.uxian.foodgroup.V1.UnFollowUserTest" tests="7" failures="0" timestamp="13 Nov 2015 09:39:26 GMT" time="0.256" errors="0">
  <testcase name="noRequiredTest" time="0.026" classname="com.uxian.foodgroup.V1.UnFollowUserTest"/>
  <testcase name="noRequiredTest" time="0.041" classname="com.uxian.foodgroup.V1.UnFollowUserTest"/>
  <testcase name="noRequiredTest" time="0.019" classname="com.uxian.foodgroup.V1.UnFollowUserTest"/>
  <testcase name="noRequiredTest" time="0.035" classname="com.uxian.foodgroup.V1.UnFollowUserTest"/>
  <testcase name="activateCommentTest" time="0.050" classname="com.uxian.foodgroup.V1.UnFollowUserTest"/>
  <testcase name="noRequiredTest" time="0.030" classname="com.uxian.foodgroup.V1.UnFollowUserTest"/>
  <testcase name="activateCommentTest" time="0.055" classname="com.uxian.foodgroup.V1.UnFollowUserTest"/>
</testsuite> <!-- com.uxian.foodgroup.V1.UnFollowUserTest -->
