<?xml version="1.0" encoding="UTF-8"?>
<!-- Generated by org.testng.reporters.JUnitReportReporter -->
<testsuite hostname="Lenovo-PC" name="com.uxian.foodgroup.V1.PostUserInfoTest" tests="6" failures="0" timestamp="13 Nov 2015 09:39:26 GMT" time="0.175" errors="0">
  <testcase name="activateCommentTest" time="0.050" classname="com.uxian.foodgroup.V1.PostUserInfoTest"/>
  <testcase name="noRequiredTest" time="0.016" classname="com.uxian.foodgroup.V1.PostUserInfoTest"/>
  <testcase name="noRequiredTest" time="0.027" classname="com.uxian.foodgroup.V1.PostUserInfoTest"/>
  <testcase name="noRequiredTest" time="0.030" classname="com.uxian.foodgroup.V1.PostUserInfoTest"/>
  <testcase name="noRequiredTest" time="0.017" classname="com.uxian.foodgroup.V1.PostUserInfoTest"/>
  <testcase name="noRequiredTest" time="0.035" classname="com.uxian.foodgroup.V1.PostUserInfoTest"/>
</testsuite> <!-- com.uxian.foodgroup.V1.PostUserInfoTest -->
