<?xml version="1.0" encoding="UTF-8"?>
<!-- Generated by org.testng.reporters.JUnitReportReporter -->
<testsuite hostname="Lenovo-PC" name="com.uxian.foodgroup.V2.PostSearChByTagTest" tests="4" failures="0" timestamp="13 Nov 2015 09:39:26 GMT" time="0.556" errors="0">
  <testcase name="postSearChByTagTest" time="0.054" classname="com.uxian.foodgroup.V2.PostSearChByTagTest"/>
  <testcase name="postSearChByTagTest" time="0.294" classname="com.uxian.foodgroup.V2.PostSearChByTagTest"/>
  <testcase name="postSearChByTagTest" time="0.038" classname="com.uxian.foodgroup.V2.PostSearChByTagTest"/>
  <testcase name="postSearChByTagTest" time="0.170" classname="com.uxian.foodgroup.V2.PostSearChByTagTest"/>
</testsuite> <!-- com.uxian.foodgroup.V2.PostSearChByTagTest -->
