<?xml version="1.0" encoding="UTF-8"?>
<!-- Generated by org.testng.reporters.JUnitReportReporter -->
<testsuite hostname="Lenovo-PC" name="com.uxian.foodgroup.V1.test" tests="3" failures="0" timestamp="11 Nov 2015 07:57:39 GMT" time="0.598" errors="0">
  <testcase name="activateCommentTest" time="0.045" classname="com.uxian.foodgroup.V1.test"/>
  <testcase name="activateCommentTest" time="0.511" classname="com.uxian.foodgroup.V1.test"/>
  <testcase name="activateCommentTest" time="0.042" classname="com.uxian.foodgroup.V1.test"/>
</testsuite> <!-- com.uxian.foodgroup.V1.test -->
