<?xml version="1.0" encoding="UTF-8"?>
<!-- Generated by org.testng.reporters.JUnitReportReporter -->
<testsuite hostname="Lenovo-PC" name="com.uxian.foodgroup.V1.PostAddTest" tests="1" failures="0" timestamp="17 Nov 2015 10:06:26 GMT" time="25.088" errors="0">
  <testcase name="activateCommentTest" time="25.088" classname="com.uxian.foodgroup.V1.PostAddTest"/>
</testsuite> <!-- com.uxian.foodgroup.V1.PostAddTest -->
