<?xml version="1.0" encoding="UTF-8"?>
<!-- Generated by org.testng.reporters.JUnitReportReporter -->
<testsuite hostname="Lenovo-PC" name="com.uxian.foodgroup.FoodPostOperator.FoodPostAccusationTest" tests="6" failures="0" timestamp="22 Nov 2015 14:01:55 GMT" time="1.957" errors="0">
  <testcase name="noRequiredTest" time="0.050" classname="com.uxian.foodgroup.FoodPostOperator.FoodPostAccusationTest"/>
  <testcase name="foodPostAccusationTest" time="1.707" classname="com.uxian.foodgroup.FoodPostOperator.FoodPostAccusationTest"/>
  <testcase name="noRequiredTest" time="0.028" classname="com.uxian.foodgroup.FoodPostOperator.FoodPostAccusationTest"/>
  <testcase name="noRequiredTest" time="0.040" classname="com.uxian.foodgroup.FoodPostOperator.FoodPostAccusationTest"/>
  <testcase name="noRequiredTest" time="0.091" classname="com.uxian.foodgroup.FoodPostOperator.FoodPostAccusationTest"/>
  <testcase name="noRequiredTest" time="0.041" classname="com.uxian.foodgroup.FoodPostOperator.FoodPostAccusationTest"/>
</testsuite> <!-- com.uxian.foodgroup.FoodPostOperator.FoodPostAccusationTest -->
