<?xml version="1.0" encoding="UTF-8"?>
<!-- Generated by org.testng.reporters.JUnitReportReporter -->
<testsuite hostname="Lenovo-PC" name="com.uxian.foodgroup.City.CityListTest" tests="3" failures="0" timestamp="26 Nov 2015 06:49:01 GMT" time="1.943" errors="0">
  <testcase name="cityListTest" time="1.824" classname="com.uxian.foodgroup.City.CityListTest"/>
  <testcase name="noRequiredTest" time="0.084" classname="com.uxian.foodgroup.City.CityListTest"/>
  <testcase name="cityListTest" time="0.035" classname="com.uxian.foodgroup.City.CityListTest"/>
</testsuite> <!-- com.uxian.foodgroup.City.CityListTest -->
