<?xml version="1.0" encoding="UTF-8"?>
<!-- Generated by org.testng.reporters.JUnitReportReporter -->
<testsuite hostname="Lenovo-PC" name="com.uxian.foodgroup.FoodPostOperator.FoodPostDelCommentTest" tests="6" failures="0" timestamp="21 Nov 2015 05:34:16 GMT" time="0.304" errors="0">
  <testcase name="noRequiredTest" time="0.028" classname="com.uxian.foodgroup.FoodPostOperator.FoodPostDelCommentTest"/>
  <testcase name="activateCommentTest" time="0.151" classname="com.uxian.foodgroup.FoodPostOperator.FoodPostDelCommentTest"/>
  <testcase name="noRequiredTest" time="0.031" classname="com.uxian.foodgroup.FoodPostOperator.FoodPostDelCommentTest"/>
  <testcase name="noRequiredTest" time="0.026" classname="com.uxian.foodgroup.FoodPostOperator.FoodPostDelCommentTest"/>
  <testcase name="noRequiredTest" time="0.033" classname="com.uxian.foodgroup.FoodPostOperator.FoodPostDelCommentTest"/>
  <testcase name="noRequiredTest" time="0.035" classname="com.uxian.foodgroup.FoodPostOperator.FoodPostDelCommentTest"/>
</testsuite> <!-- com.uxian.foodgroup.FoodPostOperator.FoodPostDelCommentTest -->
