<?xml version="1.0" encoding="UTF-8"?>
<!-- Generated by org.testng.reporters.JUnitReportReporter -->
<testsuite hostname="Lenovo-PC" name="com.uxian.foodgroup.V1.PostDelCommentTest" tests="6" failures="0" timestamp="16 Nov 2015 09:29:40 GMT" time="0.505" errors="0">
  <testcase name="noRequiredTest" time="0.037" classname="com.uxian.foodgroup.V1.PostDelCommentTest"/>
  <testcase name="activateCommentTest" time="0.076" classname="com.uxian.foodgroup.V1.PostDelCommentTest"/>
  <testcase name="noRequiredTest" time="0.310" classname="com.uxian.foodgroup.V1.PostDelCommentTest"/>
  <testcase name="noRequiredTest" time="0.025" classname="com.uxian.foodgroup.V1.PostDelCommentTest"/>
  <testcase name="noRequiredTest" time="0.023" classname="com.uxian.foodgroup.V1.PostDelCommentTest"/>
  <testcase name="noRequiredTest" time="0.034" classname="com.uxian.foodgroup.V1.PostDelCommentTest"/>
</testsuite> <!-- com.uxian.foodgroup.V1.PostDelCommentTest -->
