<?xml version="1.0" encoding="UTF-8"?>
<!-- Generated by org.testng.reporters.JUnitReportReporter -->
<testsuite hostname="Lenovo-PC" name="com.uxian.foodgroup.V1.AttentionUsersTest" tests="8" failures="0" timestamp="13 Nov 2015 09:39:26 GMT" time="0.338" errors="0">
  <testcase name="noRequiredTest" time="0.041" classname="com.uxian.foodgroup.V1.AttentionUsersTest"/>
  <testcase name="activateCommentTest" time="0.059" classname="com.uxian.foodgroup.V1.AttentionUsersTest"/>
  <testcase name="noRequiredTest" time="0.039" classname="com.uxian.foodgroup.V1.AttentionUsersTest"/>
  <testcase name="activateCommentTest" time="0.059" classname="com.uxian.foodgroup.V1.AttentionUsersTest"/>
  <testcase name="noRequiredTest" time="0.024" classname="com.uxian.foodgroup.V1.AttentionUsersTest"/>
  <testcase name="noRequiredTest" time="0.039" classname="com.uxian.foodgroup.V1.AttentionUsersTest"/>
  <testcase name="noRequiredTest" time="0.037" classname="com.uxian.foodgroup.V1.AttentionUsersTest"/>
  <testcase name="noRequiredTest" time="0.040" classname="com.uxian.foodgroup.V1.AttentionUsersTest"/>
</testsuite> <!-- com.uxian.foodgroup.V1.AttentionUsersTest -->
