<?xml version="1.0" encoding="UTF-8"?>
<!-- Generated by org.testng.reporters.JUnitReportReporter -->
<testsuite hostname="Lenovo-PC" name="com.uxian.foodgroup.FoodPostOperator.FoodpostRewardTest" tests="7" failures="0" timestamp="21 Nov 2015 05:34:16 GMT" time="1.025" errors="0">
  <testcase name="getData_unnormalTest" time="0.031" classname="com.uxian.foodgroup.FoodPostOperator.FoodpostRewardTest"/>
  <testcase name="foodpostRewardTest" time="0.177" classname="com.uxian.foodgroup.FoodPostOperator.FoodpostRewardTest"/>
  <testcase name="getData_unnormalTest" time="0.034" classname="com.uxian.foodgroup.FoodPostOperator.FoodpostRewardTest"/>
  <testcase name="foodpostRewardTest" time="0.600" classname="com.uxian.foodgroup.FoodPostOperator.FoodpostRewardTest"/>
  <testcase name="foodpostRewardTest" time="0.072" classname="com.uxian.foodgroup.FoodPostOperator.FoodpostRewardTest"/>
  <testcase name="getData_unnormalTest" time="0.049" classname="com.uxian.foodgroup.FoodPostOperator.FoodpostRewardTest"/>
  <testcase name="noPayModeTest" time="0.062" classname="com.uxian.foodgroup.FoodPostOperator.FoodpostRewardTest"/>
</testsuite> <!-- com.uxian.foodgroup.FoodPostOperator.FoodpostRewardTest -->
