<?xml version="1.0" encoding="UTF-8"?>
<!-- Generated by org.testng.reporters.JUnitReportReporter -->
<testsuite hostname="Lenovo-PC" name="com.uxian.foodgroup.V1.PraisCountTest" tests="1" failures="0" timestamp="13 Nov 2015 09:39:26 GMT" time="0.031" errors="0">
  <testcase name="activateCommentTest" time="0.031" classname="com.uxian.foodgroup.V1.PraisCountTest"/>
</testsuite> <!-- com.uxian.foodgroup.V1.PraisCountTest -->
