<?xml version="1.0" encoding="UTF-8"?>
<!-- Generated by org.testng.reporters.JUnitReportReporter -->
<testsuite hostname="Lenovo-PC" name="com.uxian.foodgroup.V2.HotConstituteItemsTest" tests="2" failures="0" timestamp="16 Nov 2015 10:04:16 GMT" time="0.639" errors="0">
  <testcase name="hotConstituteItems" time="0.096" classname="com.uxian.foodgroup.V2.HotConstituteItemsTest"/>
  <testcase name="hotConstituteItems" time="0.543" classname="com.uxian.foodgroup.V2.HotConstituteItemsTest"/>
</testsuite> <!-- com.uxian.foodgroup.V2.HotConstituteItemsTest -->
