<?xml version="1.0" encoding="UTF-8"?>
<!-- Generated by org.testng.reporters.JUnitReportReporter -->
<testsuite hostname="Lenovo-PC" name="com.uxian.foodgroup.V1.FoodPostPraiseTest" tests="3" failures="0" timestamp="12 Nov 2015 10:08:58 GMT" time="0.768" errors="0">
  <testcase name="activateCommentTest" time="0.049" classname="com.uxian.foodgroup.V1.FoodPostPraiseTest"/>
  <testcase name="activateCommentTest" time="0.054" classname="com.uxian.foodgroup.V1.FoodPostPraiseTest"/>
  <testcase name="activateCommentTest" time="0.665" classname="com.uxian.foodgroup.V1.FoodPostPraiseTest"/>
</testsuite> <!-- com.uxian.foodgroup.V1.FoodPostPraiseTest -->
