<?xml version="1.0" encoding="UTF-8"?>
<!-- Generated by org.testng.reporters.JUnitReportReporter -->
<testsuite hostname="Lenovo-PC" name="com.uxian.foodgroup.DataCount.CollectionCountTest" tests="3" failures="0" timestamp="21 Nov 2015 05:34:16 GMT" time="0.083" errors="0">
  <testcase name="noRequiredTest" time="0.026" classname="com.uxian.foodgroup.DataCount.CollectionCountTest"/>
  <testcase name="noRequiredTest" time="0.035" classname="com.uxian.foodgroup.DataCount.CollectionCountTest"/>
  <testcase name="collectionCountTest" time="0.022" classname="com.uxian.foodgroup.DataCount.CollectionCountTest"/>
</testsuite> <!-- com.uxian.foodgroup.DataCount.CollectionCountTest -->
