<?xml version="1.0" encoding="UTF-8"?>
<!-- Generated by org.testng.reporters.JUnitReportReporter -->
<testsuite hostname="Lenovo-PC" name="com.uxian.foodgroup.FoodPost.CollectionDelTest" tests="4" failures="0" timestamp="21 Nov 2015 05:34:16 GMT" time="0.242" errors="0">
  <testcase name="noRequiredTest" time="0.030" classname="com.uxian.foodgroup.FoodPost.CollectionDelTest"/>
  <testcase name="noRequiredTest" time="0.043" classname="com.uxian.foodgroup.FoodPost.CollectionDelTest"/>
  <testcase name="collectionDelTest" time="0.135" classname="com.uxian.foodgroup.FoodPost.CollectionDelTest"/>
  <testcase name="noRequiredTest" time="0.034" classname="com.uxian.foodgroup.FoodPost.CollectionDelTest"/>
</testsuite> <!-- com.uxian.foodgroup.FoodPost.CollectionDelTest -->
