<?xml version="1.0" encoding="UTF-8"?>
<!-- Generated by org.testng.reporters.JUnitReportReporter -->
<testsuite hostname="Lenovo-PC" name="com.uxian.foodgroup.V1.FoodPostAddTest" tests="1" failures="0" timestamp="12 Nov 2015 09:42:33 GMT" time="1.411" errors="0">
  <testcase name="activateCommentTest" time="1.411" classname="com.uxian.foodgroup.V1.FoodPostAddTest"/>
</testsuite> <!-- com.uxian.foodgroup.V1.FoodPostAddTest -->
