<?xml version="1.0" encoding="UTF-8"?>
<!-- Generated by org.testng.reporters.JUnitReportReporter -->
<testsuite hostname="Lenovo-PC" name="com.uxian.foodgroup.FoodPost.CollectionFoodPostsTest" tests="1" failures="0" timestamp="21 Nov 2015 05:34:16 GMT" time="0.056" errors="0">
  <testcase name="collectionFoodPostsTest" time="0.056" classname="com.uxian.foodgroup.FoodPost.CollectionFoodPostsTest"/>
</testsuite> <!-- com.uxian.foodgroup.FoodPost.CollectionFoodPostsTest -->
