<?xml version="1.0" encoding="UTF-8"?>
<!-- Generated by org.testng.reporters.JUnitReportReporter -->
<testsuite hostname="Lenovo-PC" name="com.uxian.foodgroup.V1.PostPraiseCancelTest" tests="1" failures="0" timestamp="16 Nov 2015 07:59:25 GMT" time="0.560" errors="0">
  <testcase name="activateCommentTest" time="0.560" classname="com.uxian.foodgroup.V1.PostPraiseCancelTest"/>
</testsuite> <!-- com.uxian.foodgroup.V1.PostPraiseCancelTest -->
