<?xml version="1.0" encoding="UTF-8"?>
<!-- Generated by org.testng.reporters.JUnitReportReporter -->
<testsuite hostname="Lenovo-PC" name="com.uxian.foodgroup.FoodPostUserInfo.FoodPostUserInfoTest" tests="6" failures="0" timestamp="21 Nov 2015 05:34:16 GMT" time="0.219" errors="0">
  <testcase name="noRequiredTest" time="0.037" classname="com.uxian.foodgroup.FoodPostUserInfo.FoodPostUserInfoTest"/>
  <testcase name="activateCommentTest" time="0.052" classname="com.uxian.foodgroup.FoodPostUserInfo.FoodPostUserInfoTest"/>
  <testcase name="noRequiredTest" time="0.032" classname="com.uxian.foodgroup.FoodPostUserInfo.FoodPostUserInfoTest"/>
  <testcase name="noRequiredTest" time="0.041" classname="com.uxian.foodgroup.FoodPostUserInfo.FoodPostUserInfoTest"/>
  <testcase name="noRequiredTest" time="0.034" classname="com.uxian.foodgroup.FoodPostUserInfo.FoodPostUserInfoTest"/>
  <testcase name="noRequiredTest" time="0.023" classname="com.uxian.foodgroup.FoodPostUserInfo.FoodPostUserInfoTest"/>
</testsuite> <!-- com.uxian.foodgroup.FoodPostUserInfo.FoodPostUserInfoTest -->
