<?xml version="1.0" encoding="UTF-8"?>
<!-- Generated by org.testng.reporters.JUnitReportReporter -->
<testsuite hostname="Lenovo-PC" name="com.uxian.foodgroup.DataCount.InteractionCount" tests="1" failures="0" timestamp="19 Nov 2015 09:15:29 GMT" time="0.030" errors="0">
  <testcase name="activateCommentTest" time="0.030" classname="com.uxian.foodgroup.DataCount.InteractionCount"/>
</testsuite> <!-- com.uxian.foodgroup.DataCount.InteractionCount -->
