<?xml version="1.0" encoding="UTF-8"?>
<!-- Generated by org.testng.reporters.JUnitReportReporter -->
<testsuite hostname="Lenovo-PC" name="com.uxian.foodgroup.V2.SearchTagsTest" tests="4" failures="0" timestamp="11 Nov 2015 03:07:41 GMT" time="0.503" errors="0">
  <testcase name="searchTagsTest" time="0.094" classname="com.uxian.foodgroup.V2.SearchTagsTest"/>
  <testcase name="searchTagsnoFinerTest" time="0.047" classname="com.uxian.foodgroup.V2.SearchTagsTest"/>
  <testcase name="searchTagsTest" time="0.068" classname="com.uxian.foodgroup.V2.SearchTagsTest"/>
  <testcase name="searchTagsTest" time="0.294" classname="com.uxian.foodgroup.V2.SearchTagsTest"/>
</testsuite> <!-- com.uxian.foodgroup.V2.SearchTagsTest -->
