<?xml version="1.0" encoding="UTF-8"?>
<!-- Generated by org.testng.reporters.JUnitReportReporter -->
<testsuite hostname="Lenovo-PC" name="com.uxian.foodgroup.V2.ActivateCommentTest" tests="6" failures="0" timestamp="11 Nov 2015 03:07:41 GMT" time="1.927" errors="0">
  <testcase name="activateCommentTest" time="0.047" classname="com.uxian.foodgroup.V2.ActivateCommentTest"/>
  <testcase name="activateCommentTest" time="1.679" classname="com.uxian.foodgroup.V2.ActivateCommentTest"/>
  <testcase name="noRequiredTest" time="0.030" classname="com.uxian.foodgroup.V2.ActivateCommentTest"/>
  <testcase name="noRequiredTest" time="0.032" classname="com.uxian.foodgroup.V2.ActivateCommentTest"/>
  <testcase name="noRequiredTest" time="0.080" classname="com.uxian.foodgroup.V2.ActivateCommentTest"/>
  <testcase name="activateCommentTest" time="0.059" classname="com.uxian.foodgroup.V2.ActivateCommentTest"/>
</testsuite> <!-- com.uxian.foodgroup.V2.ActivateCommentTest -->
