<?xml version="1.0" encoding="UTF-8"?>
<!-- Generated by org.testng.reporters.JUnitReportReporter -->
<testsuite hostname="Lenovo-PC" name="com.uxian.foodgroup.V2.FoodpostShareTest" tests="1" failures="0" timestamp="11 Nov 2015 03:07:41 GMT" time="0.216" errors="0">
  <testcase name="foodpostShareTest" time="0.216" classname="com.uxian.foodgroup.V2.FoodpostShareTest"/>
</testsuite> <!-- com.uxian.foodgroup.V2.FoodpostShareTest -->
