<?xml version="1.0" encoding="UTF-8"?>
<!-- Generated by org.testng.reporters.JUnitReportReporter -->
<testsuite hostname="Lenovo-PC" name="com.uxian.foodgroup.V2.FoodStampSourceTest" tests="2" failures="0" timestamp="11 Nov 2015 03:07:41 GMT" time="0.440" errors="0">
  <testcase name="foodStampSourceTest" time="0.218" classname="com.uxian.foodgroup.V2.FoodStampSourceTest"/>
  <testcase name="foodStampSourceTest" time="0.222" classname="com.uxian.foodgroup.V2.FoodStampSourceTest"/>
</testsuite> <!-- com.uxian.foodgroup.V2.FoodStampSourceTest -->
