<?xml version="1.0" encoding="UTF-8"?>
<!-- Generated by org.testng.reporters.JUnitReportReporter -->
<testsuite hostname="Lenovo-PC" name="com.uxian.foodgroup.V2.InviteFoodUsersTest" tests="2" failures="0" timestamp="11 Nov 2015 03:07:41 GMT" time="0.875" errors="0">
  <testcase name="inviteFoodUsersTest" time="0.469" classname="com.uxian.foodgroup.V2.InviteFoodUsersTest"/>
  <testcase name="inviteFoodUsersTest" time="0.406" classname="com.uxian.foodgroup.V2.InviteFoodUsersTest"/>
</testsuite> <!-- com.uxian.foodgroup.V2.InviteFoodUsersTest -->
