<?xml version="1.0" encoding="UTF-8"?>
<!-- Generated by org.testng.reporters.JUnitReportReporter -->
<testsuite hostname="Lenovo-PC" name="com.uxian.foodgroup.V2.HotConstituteItemsTest" tests="2" failures="0" timestamp="11 Nov 2015 03:07:41 GMT" time="0.437" errors="0">
  <testcase name="hotConstituteItems" time="0.098" classname="com.uxian.foodgroup.V2.HotConstituteItemsTest"/>
  <testcase name="hotConstituteItems" time="0.339" classname="com.uxian.foodgroup.V2.HotConstituteItemsTest"/>
</testsuite> <!-- com.uxian.foodgroup.V2.HotConstituteItemsTest -->
