<?xml version="1.0" encoding="UTF-8"?>
<!-- Generated by org.testng.reporters.JUnitReportReporter -->
<testsuite hostname="Lenovo-PC" name="com.uxian.foodgroup.V2.PostSearChByTagTest" tests="4" failures="0" timestamp="11 Nov 2015 03:07:41 GMT" time="0.851" errors="0">
  <testcase name="postSearChByTagTest" time="0.522" classname="com.uxian.foodgroup.V2.PostSearChByTagTest"/>
  <testcase name="postSearChByTagTest" time="0.214" classname="com.uxian.foodgroup.V2.PostSearChByTagTest"/>
  <testcase name="postSearChByTagTest" time="0.070" classname="com.uxian.foodgroup.V2.PostSearChByTagTest"/>
  <testcase name="postSearChByTagTest" time="0.045" classname="com.uxian.foodgroup.V2.PostSearChByTagTest"/>
</testsuite> <!-- com.uxian.foodgroup.V2.PostSearChByTagTest -->
