<?xml version="1.0" encoding="UTF-8"?>
<!-- Generated by org.testng.reporters.JUnitReportReporter -->
<testsuite hostname="Lenovo-PC" name="com.uxian.foodgroup.V2.IsRepeatUserNameTest" tests="3" failures="0" timestamp="11 Nov 2015 03:07:41 GMT" time="0.254" errors="0">
  <testcase name="isRepeatTest" time="0.083" classname="com.uxian.foodgroup.V2.IsRepeatUserNameTest"/>
  <testcase name="noRequired" time="0.034" classname="com.uxian.foodgroup.V2.IsRepeatUserNameTest"/>
  <testcase name="isRepeatTest" time="0.137" classname="com.uxian.foodgroup.V2.IsRepeatUserNameTest"/>
</testsuite> <!-- com.uxian.foodgroup.V2.IsRepeatUserNameTest -->
